mode: set
github.com/Networks-it-uc3m/L2S-M/api/v1/l2network_types.go:103.13,105.2 1 0
github.com/Networks-it-uc3m/L2S-M/api/v1/networkedgedevice_types.go:163.13,165.2 1 0
github.com/Networks-it-uc3m/L2S-M/api/v1/overlay_types.go:85.13,87.2 1 0
github.com/Networks-it-uc3m/L2S-M/api/v1/zz_generated.deepcopy.go:27.51,33.2 5 0
github.com/Networks-it-uc3m/L2S-M/api/v1/zz_generated.deepcopy.go:36.44,37.15 1 0
github.com/Networks-it-uc3m/L2S-M/api/v1/zz_generated.deepcopy.go:37.15,39.3 1 0
github.com/Networks-it-uc3m/L2S-M/api/v1/zz_generated.deepcopy.go:40.2,42.12 3 0
github.com/Networks-it-uc3m/L2S-M/api/v1/zz_generated.deepcopy.go:46.54,47.34 1 0
github.com/Networks-it-uc3m/L2S-M/api/v1/zz_generated.deepcopy.go:47.34,49.3 1 0
github.com/Networks-it-uc3m/L2S-M/api/v1/zz_generated.deepcopy.go:50.2,50.12 1 0
github.com/Networks-it-uc3m/L2S-M/api/v1/zz_generated.deepcopy.go:54.59,58.21 4 0
github.com/Networks-it-uc3m/L2S-M/api/v1/zz_generated.deepcopy.go:58.21,61.22 3 0
github.com/Networks-it-uc3m/L2S-M/api/v1/zz_generated.deepcopy.go:61.22,63.4 1 0
github.com/Networks-it-uc3m/L2S-M/api/v1/zz_generated.deepcopy.go:68.52,69.15 1 0
github.com/Networks-it-uc3m/L2S-M/api/v1/zz_generated.deepcopy.go:69.15,71.3 1 0
github.com/Networks-it-uc3m/L2S-M/api/v1/zz_generated.deepcopy.go:72.2,74.12 3 0
github.com/Networks-it-uc3m/L2S-M/api/v1/zz_generated.deepcopy.go:78.58,79.34 1 0
github.com/Networks-it-uc3m/L2S-M/api/v1/zz_generated.deepcopy.go:79.34,81.3 1 0
github.com/Networks-it-uc3m/L2S-M/api/v1/zz_generated.deepcopy.go:82.2,82.12 1 0
github.com/Networks-it-uc3m/L2S-M/api/v1/zz_generated.deepcopy.go:86.59,88.22 2 0
github.com/Networks-it-uc3m/L2S-M/api/v1/zz_generated.deepcopy.go:88.22,92.3 3 0
github.com/Networks-it-uc3m/L2S-M/api/v1/zz_generated.deepcopy.go:93.2,93.24 1 0
github.com/Networks-it-uc3m/L2S-M/api/v1/zz_generated.deepcopy.go:93.24,97.3 3 0
github.com/Networks-it-uc3m/L2S-M/api/v1/zz_generated.deepcopy.go:101.52,102.15 1 0
github.com/Networks-it-uc3m/L2S-M/api/v1/zz_generated.deepcopy.go:102.15,104.3 1 0
github.com/Networks-it-uc3m/L2S-M/api/v1/zz_generated.deepcopy.go:105.2,107.12 3 0
github.com/Networks-it-uc3m/L2S-M/api/v1/zz_generated.deepcopy.go:111.63,113.29 2 0
github.com/Networks-it-uc3m/L2S-M/api/v1/zz_generated.deepcopy.go:113.29,117.3 3 0
github.com/Networks-it-uc3m/L2S-M/api/v1/zz_generated.deepcopy.go:118.2,118.36 1 0
github.com/Networks-it-uc3m/L2S-M/api/v1/zz_generated.deepcopy.go:118.36,122.3 3 0
github.com/Networks-it-uc3m/L2S-M/api/v1/zz_generated.deepcopy.go:123.2,123.36 1 0
github.com/Networks-it-uc3m/L2S-M/api/v1/zz_generated.deepcopy.go:123.36,127.3 3 0
github.com/Networks-it-uc3m/L2S-M/api/v1/zz_generated.deepcopy.go:131.56,132.15 1 0
github.com/Networks-it-uc3m/L2S-M/api/v1/zz_generated.deepcopy.go:132.15,134.3 1 0
github.com/Networks-it-uc3m/L2S-M/api/v1/zz_generated.deepcopy.go:135.2,137.12 3 0
github.com/Networks-it-uc3m/L2S-M/api/v1/zz_generated.deepcopy.go:141.41,143.2 1 0
github.com/Networks-it-uc3m/L2S-M/api/v1/zz_generated.deepcopy.go:146.34,147.15 1 0
github.com/Networks-it-uc3m/L2S-M/api/v1/zz_generated.deepcopy.go:147.15,149.3 1 0
github.com/Networks-it-uc3m/L2S-M/api/v1/zz_generated.deepcopy.go:150.2,152.12 3 0
github.com/Networks-it-uc3m/L2S-M/api/v1/zz_generated.deepcopy.go:156.57,158.2 1 0
github.com/Networks-it-uc3m/L2S-M/api/v1/zz_generated.deepcopy.go:161.50,162.15 1 0
github.com/Networks-it-uc3m/L2S-M/api/v1/zz_generated.deepcopy.go:162.15,164.3 1 0
github.com/Networks-it-uc3m/L2S-M/api/v1/zz_generated.deepcopy.go:165.2,167.12 3 0
github.com/Networks-it-uc3m/L2S-M/api/v1/zz_generated.deepcopy.go:171.75,173.2 1 0
github.com/Networks-it-uc3m/L2S-M/api/v1/zz_generated.deepcopy.go:176.68,177.15 1 0
github.com/Networks-it-uc3m/L2S-M/api/v1/zz_generated.deepcopy.go:177.15,179.3 1 0
github.com/Networks-it-uc3m/L2S-M/api/v1/zz_generated.deepcopy.go:180.2,182.12 3 0
github.com/Networks-it-uc3m/L2S-M/api/v1/zz_generated.deepcopy.go:186.67,192.2 5 0
github.com/Networks-it-uc3m/L2S-M/api/v1/zz_generated.deepcopy.go:195.60,196.15 1 0
github.com/Networks-it-uc3m/L2S-M/api/v1/zz_generated.deepcopy.go:196.15,198.3 1 0
github.com/Networks-it-uc3m/L2S-M/api/v1/zz_generated.deepcopy.go:199.2,201.12 3 0
github.com/Networks-it-uc3m/L2S-M/api/v1/zz_generated.deepcopy.go:205.62,206.34 1 0
github.com/Networks-it-uc3m/L2S-M/api/v1/zz_generated.deepcopy.go:206.34,208.3 1 0
github.com/Networks-it-uc3m/L2S-M/api/v1/zz_generated.deepcopy.go:209.2,209.12 1 0
github.com/Networks-it-uc3m/L2S-M/api/v1/zz_generated.deepcopy.go:213.75,217.21 4 0
github.com/Networks-it-uc3m/L2S-M/api/v1/zz_generated.deepcopy.go:217.21,220.22 3 0
github.com/Networks-it-uc3m/L2S-M/api/v1/zz_generated.deepcopy.go:220.22,222.4 1 0
github.com/Networks-it-uc3m/L2S-M/api/v1/zz_generated.deepcopy.go:227.68,228.15 1 0
github.com/Networks-it-uc3m/L2S-M/api/v1/zz_generated.deepcopy.go:228.15,230.3 1 0
github.com/Networks-it-uc3m/L2S-M/api/v1/zz_generated.deepcopy.go:231.2,233.12 3 0
github.com/Networks-it-uc3m/L2S-M/api/v1/zz_generated.deepcopy.go:237.66,238.34 1 0
github.com/Networks-it-uc3m/L2S-M/api/v1/zz_generated.deepcopy.go:238.34,240.3 1 0
github.com/Networks-it-uc3m/L2S-M/api/v1/zz_generated.deepcopy.go:241.2,241.12 1 0
github.com/Networks-it-uc3m/L2S-M/api/v1/zz_generated.deepcopy.go:245.75,247.33 2 0
github.com/Networks-it-uc3m/L2S-M/api/v1/zz_generated.deepcopy.go:247.33,251.3 3 0
github.com/Networks-it-uc3m/L2S-M/api/v1/zz_generated.deepcopy.go:252.2,252.26 1 0
github.com/Networks-it-uc3m/L2S-M/api/v1/zz_generated.deepcopy.go:252.26,256.3 3 0
github.com/Networks-it-uc3m/L2S-M/api/v1/zz_generated.deepcopy.go:257.2,257.25 1 0
github.com/Networks-it-uc3m/L2S-M/api/v1/zz_generated.deepcopy.go:257.25,261.3 3 0
github.com/Networks-it-uc3m/L2S-M/api/v1/zz_generated.deepcopy.go:262.2,262.30 1 0
github.com/Networks-it-uc3m/L2S-M/api/v1/zz_generated.deepcopy.go:262.30,266.3 3 0
github.com/Networks-it-uc3m/L2S-M/api/v1/zz_generated.deepcopy.go:270.68,271.15 1 0
github.com/Networks-it-uc3m/L2S-M/api/v1/zz_generated.deepcopy.go:271.15,273.3 1 0
github.com/Networks-it-uc3m/L2S-M/api/v1/zz_generated.deepcopy.go:274.2,276.12 3 0
github.com/Networks-it-uc3m/L2S-M/api/v1/zz_generated.deepcopy.go:280.79,282.28 2 0
github.com/Networks-it-uc3m/L2S-M/api/v1/zz_generated.deepcopy.go:282.28,286.3 3 0
github.com/Networks-it-uc3m/L2S-M/api/v1/zz_generated.deepcopy.go:287.2,287.34 1 0
github.com/Networks-it-uc3m/L2S-M/api/v1/zz_generated.deepcopy.go:287.34,291.3 3 0
github.com/Networks-it-uc3m/L2S-M/api/v1/zz_generated.deepcopy.go:295.72,296.15 1 0
github.com/Networks-it-uc3m/L2S-M/api/v1/zz_generated.deepcopy.go:296.15,298.3 1 0
github.com/Networks-it-uc3m/L2S-M/api/v1/zz_generated.deepcopy.go:299.2,301.12 3 0
github.com/Networks-it-uc3m/L2S-M/api/v1/zz_generated.deepcopy.go:305.61,307.2 1 0
github.com/Networks-it-uc3m/L2S-M/api/v1/zz_generated.deepcopy.go:310.54,311.15 1 0
github.com/Networks-it-uc3m/L2S-M/api/v1/zz_generated.deepcopy.go:311.15,313.3 1 0
github.com/Networks-it-uc3m/L2S-M/api/v1/zz_generated.deepcopy.go:314.2,316.12 3 0
github.com/Networks-it-uc3m/L2S-M/api/v1/zz_generated.deepcopy.go:320.47,326.2 5 0
github.com/Networks-it-uc3m/L2S-M/api/v1/zz_generated.deepcopy.go:329.40,330.15 1 0
github.com/Networks-it-uc3m/L2S-M/api/v1/zz_generated.deepcopy.go:330.15,332.3 1 0
github.com/Networks-it-uc3m/L2S-M/api/v1/zz_generated.deepcopy.go:333.2,335.12 3 0
github.com/Networks-it-uc3m/L2S-M/api/v1/zz_generated.deepcopy.go:339.52,340.34 1 0
github.com/Networks-it-uc3m/L2S-M/api/v1/zz_generated.deepcopy.go:340.34,342.3 1 0
github.com/Networks-it-uc3m/L2S-M/api/v1/zz_generated.deepcopy.go:343.2,343.12 1 0
github.com/Networks-it-uc3m/L2S-M/api/v1/zz_generated.deepcopy.go:347.55,351.21 4 0
github.com/Networks-it-uc3m/L2S-M/api/v1/zz_generated.deepcopy.go:351.21,354.22 3 0
github.com/Networks-it-uc3m/L2S-M/api/v1/zz_generated.deepcopy.go:354.22,356.4 1 0
github.com/Networks-it-uc3m/L2S-M/api/v1/zz_generated.deepcopy.go:361.48,362.15 1 0
github.com/Networks-it-uc3m/L2S-M/api/v1/zz_generated.deepcopy.go:362.15,364.3 1 0
github.com/Networks-it-uc3m/L2S-M/api/v1/zz_generated.deepcopy.go:365.2,367.12 3 0
github.com/Networks-it-uc3m/L2S-M/api/v1/zz_generated.deepcopy.go:371.56,372.34 1 0
github.com/Networks-it-uc3m/L2S-M/api/v1/zz_generated.deepcopy.go:372.34,374.3 1 0
github.com/Networks-it-uc3m/L2S-M/api/v1/zz_generated.deepcopy.go:375.2,375.12 1 0
github.com/Networks-it-uc3m/L2S-M/api/v1/zz_generated.deepcopy.go:379.55,381.33 2 0
github.com/Networks-it-uc3m/L2S-M/api/v1/zz_generated.deepcopy.go:381.33,385.3 3 0
github.com/Networks-it-uc3m/L2S-M/api/v1/zz_generated.deepcopy.go:386.2,386.24 1 0
github.com/Networks-it-uc3m/L2S-M/api/v1/zz_generated.deepcopy.go:386.24,390.3 3 0
github.com/Networks-it-uc3m/L2S-M/api/v1/zz_generated.deepcopy.go:391.2,391.30 1 0
github.com/Networks-it-uc3m/L2S-M/api/v1/zz_generated.deepcopy.go:391.30,395.3 3 0
github.com/Networks-it-uc3m/L2S-M/api/v1/zz_generated.deepcopy.go:399.48,400.15 1 0
github.com/Networks-it-uc3m/L2S-M/api/v1/zz_generated.deepcopy.go:400.15,402.3 1 0
github.com/Networks-it-uc3m/L2S-M/api/v1/zz_generated.deepcopy.go:403.2,405.12 3 0
github.com/Networks-it-uc3m/L2S-M/api/v1/zz_generated.deepcopy.go:409.59,411.34 2 0
github.com/Networks-it-uc3m/L2S-M/api/v1/zz_generated.deepcopy.go:411.34,415.3 3 0
github.com/Networks-it-uc3m/L2S-M/api/v1/zz_generated.deepcopy.go:419.52,420.15 1 0
github.com/Networks-it-uc3m/L2S-M/api/v1/zz_generated.deepcopy.go:420.15,422.3 1 0
github.com/Networks-it-uc3m/L2S-M/api/v1/zz_generated.deepcopy.go:423.2,425.12 3 0
github.com/Networks-it-uc3m/L2S-M/api/v1/zz_generated.deepcopy.go:429.57,431.2 1 0
github.com/Networks-it-uc3m/L2S-M/api/v1/zz_generated.deepcopy.go:434.50,435.15 1 0
github.com/Networks-it-uc3m/L2S-M/api/v1/zz_generated.deepcopy.go:435.15,437.3 1 0
github.com/Networks-it-uc3m/L2S-M/api/v1/zz_generated.deepcopy.go:438.2,440.12 3 0
github.com/Networks-it-uc3m/L2S-M/api/v1/zz_generated.deepcopy.go:444.59,446.23 2 0
github.com/Networks-it-uc3m/L2S-M/api/v1/zz_generated.deepcopy.go:446.23,449.22 3 0
github.com/Networks-it-uc3m/L2S-M/api/v1/zz_generated.deepcopy.go:449.22,451.4 1 0
github.com/Networks-it-uc3m/L2S-M/api/v1/zz_generated.deepcopy.go:453.2,453.30 1 0
github.com/Networks-it-uc3m/L2S-M/api/v1/zz_generated.deepcopy.go:453.30,456.22 3 0
github.com/Networks-it-uc3m/L2S-M/api/v1/zz_generated.deepcopy.go:456.22,458.4 1 0
github.com/Networks-it-uc3m/L2S-M/api/v1/zz_generated.deepcopy.go:460.2,460.26 1 0
github.com/Networks-it-uc3m/L2S-M/api/v1/zz_generated.deepcopy.go:460.26,463.22 3 0
github.com/Networks-it-uc3m/L2S-M/api/v1/zz_generated.deepcopy.go:463.22,465.4 1 0
github.com/Networks-it-uc3m/L2S-M/api/v1/zz_generated.deepcopy.go:470.52,471.15 1 0
github.com/Networks-it-uc3m/L2S-M/api/v1/zz_generated.deepcopy.go:471.15,473.3 1 0
github.com/Networks-it-uc3m/L2S-M/api/v1/zz_generated.deepcopy.go:474.2,476.12 3 0
github.com/Networks-it-uc3m/L2S-M/api/v1/zz_generated.deepcopy.go:480.69,484.2 3 0
github.com/Networks-it-uc3m/L2S-M/api/v1/zz_generated.deepcopy.go:487.62,488.15 1 0
github.com/Networks-it-uc3m/L2S-M/api/v1/zz_generated.deepcopy.go:488.15,490.3 1 0
github.com/Networks-it-uc3m/L2S-M/api/v1/zz_generated.deepcopy.go:491.2,493.12 3 0
github.com/Networks-it-uc3m/L2S-M/api/v1/zz_generated.deepcopy.go:497.57,499.21 2 0
github.com/Networks-it-uc3m/L2S-M/api/v1/zz_generated.deepcopy.go:499.21,503.3 3 0
github.com/Networks-it-uc3m/L2S-M/api/v1/zz_generated.deepcopy.go:504.2,504.21 1 0
github.com/Networks-it-uc3m/L2S-M/api/v1/zz_generated.deepcopy.go:504.21,508.3 3 0
github.com/Networks-it-uc3m/L2S-M/api/v1/zz_generated.deepcopy.go:512.50,513.15 1 0
github.com/Networks-it-uc3m/L2S-M/api/v1/zz_generated.deepcopy.go:513.15,515.3 1 0
github.com/Networks-it-uc3m/L2S-M/api/v1/zz_generated.deepcopy.go:516.2,518.12 3 0
github.com/Networks-it-uc3m/L2S-M/cmd/main.go:47.13,54.2 3 0
github.com/Networks-it-uc3m/L2S-M/cmd/main.go:56.13,86.38 15 0
github.com/Networks-it-uc3m/L2S-M/cmd/main.go:86.38,89.3 2 0
github.com/Networks-it-uc3m/L2S-M/cmd/main.go:91.2,92.18 2 0
github.com/Networks-it-uc3m/L2S-M/cmd/main.go:92.18,94.3 1 0
github.com/Networks-it-uc3m/L2S-M/cmd/main.go:96.2,123.16 3 0
github.com/Networks-it-uc3m/L2S-M/cmd/main.go:123.16,126.3 2 0
github.com/Networks-it-uc3m/L2S-M/cmd/main.go:128.2,131.39 1 0
github.com/Networks-it-uc3m/L2S-M/cmd/main.go:131.39,134.3 2 0
github.com/Networks-it-uc3m/L2S-M/cmd/main.go:135.2,139.39 1 0
github.com/Networks-it-uc3m/L2S-M/cmd/main.go:139.39,142.3 2 0
github.com/Networks-it-uc3m/L2S-M/cmd/main.go:143.2,146.39 1 0
github.com/Networks-it-uc3m/L2S-M/cmd/main.go:146.39,149.3 2 0
github.com/Networks-it-uc3m/L2S-M/cmd/main.go:150.2,153.39 1 0
github.com/Networks-it-uc3m/L2S-M/cmd/main.go:153.39,156.3 2 0
github.com/Networks-it-uc3m/L2S-M/cmd/main.go:157.2,157.45 1 0
github.com/Networks-it-uc3m/L2S-M/cmd/main.go:157.45,159.91 2 0
github.com/Networks-it-uc3m/L2S-M/cmd/main.go:159.91,162.4 2 0
github.com/Networks-it-uc3m/L2S-M/cmd/main.go:163.3,163.95 1 0
github.com/Networks-it-uc3m/L2S-M/cmd/main.go:166.2,166.69 1 0
github.com/Networks-it-uc3m/L2S-M/cmd/main.go:166.69,169.3 2 0
github.com/Networks-it-uc3m/L2S-M/cmd/main.go:170.2,170.67 1 0
github.com/Networks-it-uc3m/L2S-M/cmd/main.go:170.67,173.3 2 0
github.com/Networks-it-uc3m/L2S-M/cmd/main.go:175.2,176.61 2 0
github.com/Networks-it-uc3m/L2S-M/cmd/main.go:176.61,179.3 2 0
github.com/Networks-it-uc3m/L2S-M/test/utils/utils.go:35.27,37.2 1 0
github.com/Networks-it-uc3m/L2S-M/test/utils/utils.go:40.40,45.2 4 0
github.com/Networks-it-uc3m/L2S-M/test/utils/utils.go:48.41,52.42 3 0
github.com/Networks-it-uc3m/L2S-M/test/utils/utils.go:52.42,54.3 1 0
github.com/Networks-it-uc3m/L2S-M/test/utils/utils.go:56.2,60.16 5 0
github.com/Networks-it-uc3m/L2S-M/test/utils/utils.go:60.16,62.3 1 0
github.com/Networks-it-uc3m/L2S-M/test/utils/utils.go:64.2,64.20 1 0
github.com/Networks-it-uc3m/L2S-M/test/utils/utils.go:68.36,71.36 3 0
github.com/Networks-it-uc3m/L2S-M/test/utils/utils.go:71.36,73.3 1 0
github.com/Networks-it-uc3m/L2S-M/test/utils/utils.go:77.29,80.36 3 0
github.com/Networks-it-uc3m/L2S-M/test/utils/utils.go:80.36,82.3 1 0
github.com/Networks-it-uc3m/L2S-M/test/utils/utils.go:86.33,89.36 3 0
github.com/Networks-it-uc3m/L2S-M/test/utils/utils.go:89.36,91.3 1 0
github.com/Networks-it-uc3m/L2S-M/test/utils/utils.go:94.2,101.12 3 0
github.com/Networks-it-uc3m/L2S-M/test/utils/utils.go:105.56,107.47 2 0
github.com/Networks-it-uc3m/L2S-M/test/utils/utils.go:107.47,109.3 1 0
github.com/Networks-it-uc3m/L2S-M/test/utils/utils.go:110.2,113.12 4 0
github.com/Networks-it-uc3m/L2S-M/test/utils/utils.go:118.47,121.35 3 0
github.com/Networks-it-uc3m/L2S-M/test/utils/utils.go:121.35,122.20 1 0
github.com/Networks-it-uc3m/L2S-M/test/utils/utils.go:122.20,124.4 1 0
github.com/Networks-it-uc3m/L2S-M/test/utils/utils.go:127.2,127.12 1 0
github.com/Networks-it-uc3m/L2S-M/test/utils/utils.go:131.38,133.16 2 0
github.com/Networks-it-uc3m/L2S-M/test/utils/utils.go:133.16,135.3 1 0
github.com/Networks-it-uc3m/L2S-M/test/utils/utils.go:136.2,137.16 2 0
github.com/Networks-it-uc3m/L2S-M/internal/utils/utils.go:31.52,32.29 1 0
github.com/Networks-it-uc3m/L2S-M/internal/utils/utils.go:32.29,33.16 1 0
github.com/Networks-it-uc3m/L2S-M/internal/utils/utils.go:33.16,35.4 1 0
github.com/Networks-it-uc3m/L2S-M/internal/utils/utils.go:37.2,37.14 1 0
github.com/Networks-it-uc3m/L2S-M/internal/utils/utils.go:41.54,43.29 2 0
github.com/Networks-it-uc3m/L2S-M/internal/utils/utils.go:43.29,44.16 1 0
github.com/Networks-it-uc3m/L2S-M/internal/utils/utils.go:44.16,46.4 1 0
github.com/Networks-it-uc3m/L2S-M/internal/utils/utils.go:48.2,48.15 1 0
github.com/Networks-it-uc3m/L2S-M/internal/utils/utils.go:51.31,51.44 1 0
github.com/Networks-it-uc3m/L2S-M/internal/utils/utils.go:53.46,62.16 4 0
github.com/Networks-it-uc3m/L2S-M/internal/utils/utils.go:62.16,64.3 1 0
github.com/Networks-it-uc3m/L2S-M/internal/utils/utils.go:67.2,68.37 2 0
github.com/Networks-it-uc3m/L2S-M/internal/utils/utils.go:71.50,81.2 4 0
github.com/Networks-it-uc3m/L2S-M/internal/utils/utils.go:84.74,89.17 3 0
github.com/Networks-it-uc3m/L2S-M/internal/utils/utils.go:89.17,91.3 1 0
github.com/Networks-it-uc3m/L2S-M/internal/utils/utils.go:94.2,95.22 2 0
github.com/Networks-it-uc3m/L2S-M/internal/utils/utils.go:95.22,97.3 1 0
github.com/Networks-it-uc3m/L2S-M/internal/utils/utils.go:99.2,99.24 1 0
github.com/Networks-it-uc3m/L2S-M/internal/utils/utils.go:103.51,120.2 6 0
github.com/Networks-it-uc3m/L2S-M/internal/utils/utils.go:127.48,136.2 6 0
github.com/Networks-it-uc3m/L2S-M/internal/utils/utils.go:138.63,144.2 4 0
github.com/Networks-it-uc3m/L2S-M/internal/nedinterface/nedinterface.go:31.78,35.16 2 0
github.com/Networks-it-uc3m/L2S-M/internal/nedinterface/nedinterface.go:35.16,37.3 1 0
github.com/Networks-it-uc3m/L2S-M/internal/nedinterface/nedinterface.go:39.2,53.16 7 0
github.com/Networks-it-uc3m/L2S-M/internal/nedinterface/nedinterface.go:53.16,55.3 1 0
github.com/Networks-it-uc3m/L2S-M/internal/nedinterface/nedinterface.go:57.2,57.53 1 0
github.com/Networks-it-uc3m/L2S-M/internal/nedinterface/nedinterface.go:60.120,63.42 2 0
github.com/Networks-it-uc3m/L2S-M/internal/nedinterface/nedinterface.go:63.42,65.3 1 0
github.com/Networks-it-uc3m/L2S-M/internal/nedinterface/nedinterface.go:67.2,67.33 1 0
github.com/Networks-it-uc3m/L2S-M/internal/nedinterface/nedinterface.go:67.33,68.54 1 0
github.com/Networks-it-uc3m/L2S-M/internal/nedinterface/nedinterface.go:68.54,71.4 1 0
github.com/Networks-it-uc3m/L2S-M/internal/nedinterface/nedinterface.go:75.2,75.108 1 0
github.com/Networks-it-uc3m/L2S-M/internal/sdnclient/client.go:44.76,47.20 2 0
github.com/Networks-it-uc3m/L2S-M/internal/sdnclient/client.go:48.20,50.39 2 0
github.com/Networks-it-uc3m/L2S-M/internal/sdnclient/client.go:50.39,52.4 1 0
github.com/Networks-it-uc3m/L2S-M/internal/sdnclient/client.go:53.3,53.21 1 0
github.com/Networks-it-uc3m/L2S-M/internal/sdnclient/client.go:54.20,56.39 2 0
github.com/Networks-it-uc3m/L2S-M/internal/sdnclient/client.go:56.39,58.4 1 0
github.com/Networks-it-uc3m/L2S-M/internal/sdnclient/client.go:59.3,59.21 1 0
github.com/Networks-it-uc3m/L2S-M/internal/sdnclient/client.go:60.10,61.52 1 0
github.com/Networks-it-uc3m/L2S-M/internal/sdnclient/external_client.go:31.56,34.16 2 0
github.com/Networks-it-uc3m/L2S-M/internal/sdnclient/external_client.go:34.16,36.3 1 0
github.com/Networks-it-uc3m/L2S-M/internal/sdnclient/external_client.go:37.2,40.41 2 0
github.com/Networks-it-uc3m/L2S-M/internal/sdnclient/external_client.go:44.98,47.16 2 0
github.com/Networks-it-uc3m/L2S-M/internal/sdnclient/external_client.go:47.16,49.3 1 0
github.com/Networks-it-uc3m/L2S-M/internal/sdnclient/external_client.go:50.2,51.16 2 0
github.com/Networks-it-uc3m/L2S-M/internal/sdnclient/external_client.go:51.16,53.3 1 0
github.com/Networks-it-uc3m/L2S-M/internal/sdnclient/external_client.go:54.2,56.49 2 0
github.com/Networks-it-uc3m/L2S-M/internal/sdnclient/external_client.go:56.49,58.3 1 0
github.com/Networks-it-uc3m/L2S-M/internal/sdnclient/external_client.go:60.2,60.12 1 0
github.com/Networks-it-uc3m/L2S-M/internal/sdnclient/external_client.go:64.109,66.16 2 0
github.com/Networks-it-uc3m/L2S-M/internal/sdnclient/external_client.go:66.16,68.3 1 0
github.com/Networks-it-uc3m/L2S-M/internal/sdnclient/external_client.go:69.2,71.50 2 0
github.com/Networks-it-uc3m/L2S-M/internal/sdnclient/external_client.go:75.96,77.16 2 0
github.com/Networks-it-uc3m/L2S-M/internal/sdnclient/external_client.go:77.16,79.3 1 0
github.com/Networks-it-uc3m/L2S-M/internal/sdnclient/external_client.go:81.2,83.49 2 0
github.com/Networks-it-uc3m/L2S-M/internal/sdnclient/external_client.go:83.49,85.3 1 0
github.com/Networks-it-uc3m/L2S-M/internal/sdnclient/external_client.go:87.2,87.12 1 0
github.com/Networks-it-uc3m/L2S-M/internal/sdnclient/external_client.go:91.103,108.2 1 0
github.com/Networks-it-uc3m/L2S-M/internal/sdnclient/internal_client.go:39.56,42.16 2 0
github.com/Networks-it-uc3m/L2S-M/internal/sdnclient/internal_client.go:42.16,45.3 2 0
github.com/Networks-it-uc3m/L2S-M/internal/sdnclient/internal_client.go:46.2,48.41 2 0
github.com/Networks-it-uc3m/L2S-M/internal/sdnclient/internal_client.go:52.98,57.16 3 0
github.com/Networks-it-uc3m/L2S-M/internal/sdnclient/internal_client.go:57.16,59.3 1 0
github.com/Networks-it-uc3m/L2S-M/internal/sdnclient/internal_client.go:60.2,61.16 2 0
github.com/Networks-it-uc3m/L2S-M/internal/sdnclient/internal_client.go:61.16,63.3 1 0
github.com/Networks-it-uc3m/L2S-M/internal/sdnclient/internal_client.go:64.2,66.49 2 0
github.com/Networks-it-uc3m/L2S-M/internal/sdnclient/internal_client.go:66.49,68.3 1 0
github.com/Networks-it-uc3m/L2S-M/internal/sdnclient/internal_client.go:70.2,70.12 1 0
github.com/Networks-it-uc3m/L2S-M/internal/sdnclient/internal_client.go:74.109,78.16 3 0
github.com/Networks-it-uc3m/L2S-M/internal/sdnclient/internal_client.go:78.16,80.3 1 0
github.com/Networks-it-uc3m/L2S-M/internal/sdnclient/internal_client.go:81.2,83.50 2 0
github.com/Networks-it-uc3m/L2S-M/internal/sdnclient/internal_client.go:87.96,91.16 3 0
github.com/Networks-it-uc3m/L2S-M/internal/sdnclient/internal_client.go:91.16,93.3 1 0
github.com/Networks-it-uc3m/L2S-M/internal/sdnclient/internal_client.go:95.2,97.49 2 0
github.com/Networks-it-uc3m/L2S-M/internal/sdnclient/internal_client.go:97.49,99.3 1 0
github.com/Networks-it-uc3m/L2S-M/internal/sdnclient/internal_client.go:101.2,101.12 1 0
github.com/Networks-it-uc3m/L2S-M/internal/sdnclient/internal_client.go:105.103,109.16 3 0
github.com/Networks-it-uc3m/L2S-M/internal/sdnclient/internal_client.go:109.16,111.3 1 0
github.com/Networks-it-uc3m/L2S-M/internal/sdnclient/internal_client.go:112.2,113.16 2 0
github.com/Networks-it-uc3m/L2S-M/internal/sdnclient/internal_client.go:113.16,115.3 1 0
github.com/Networks-it-uc3m/L2S-M/internal/sdnclient/internal_client.go:116.2,118.49 2 0
github.com/Networks-it-uc3m/L2S-M/internal/sdnclient/internal_client.go:118.49,120.3 1 0
github.com/Networks-it-uc3m/L2S-M/internal/sdnclient/internal_client.go:122.2,122.12 1 0
github.com/Networks-it-uc3m/L2S-M/internal/sdnclient/internal_client.go:127.100,141.2 1 0
github.com/Networks-it-uc3m/L2S-M/internal/sdnclient/session_client.go:32.74,39.2 2 0
github.com/Networks-it-uc3m/L2S-M/internal/sdnclient/session_client.go:42.92,44.16 2 0
github.com/Networks-it-uc3m/L2S-M/internal/sdnclient/session_client.go:44.16,46.3 1 0
github.com/Networks-it-uc3m/L2S-M/internal/sdnclient/session_client.go:48.2,50.17 3 0
github.com/Networks-it-uc3m/L2S-M/internal/sdnclient/session_client.go:54.71,56.2 1 0
github.com/Networks-it-uc3m/L2S-M/internal/sdnclient/session_client.go:59.65,61.16 2 0
github.com/Networks-it-uc3m/L2S-M/internal/sdnclient/session_client.go:61.16,63.3 1 0
github.com/Networks-it-uc3m/L2S-M/internal/sdnclient/session_client.go:64.2,64.18 1 0
github.com/Networks-it-uc3m/L2S-M/internal/sdnclient/session_client.go:68.79,70.16 2 0
github.com/Networks-it-uc3m/L2S-M/internal/sdnclient/session_client.go:70.16,72.3 1 0
github.com/Networks-it-uc3m/L2S-M/internal/sdnclient/session_client.go:73.2,73.18 1 0
github.com/Networks-it-uc3m/L2S-M/internal/sdnclient/session_client.go:77.68,79.16 2 0
github.com/Networks-it-uc3m/L2S-M/internal/sdnclient/session_client.go:79.16,81.3 1 0
github.com/Networks-it-uc3m/L2S-M/internal/sdnclient/session_client.go:82.2,82.18 1 0
github.com/Networks-it-uc3m/L2S-M/api/v1/l2network_types.go:103.13,105.2 1 1
github.com/Networks-it-uc3m/L2S-M/api/v1/networkedgedevice_types.go:163.13,165.2 1 1
github.com/Networks-it-uc3m/L2S-M/api/v1/overlay_types.go:85.13,87.2 1 1
github.com/Networks-it-uc3m/L2S-M/api/v1/zz_generated.deepcopy.go:27.51,33.2 5 0
github.com/Networks-it-uc3m/L2S-M/api/v1/zz_generated.deepcopy.go:36.44,37.15 1 0
github.com/Networks-it-uc3m/L2S-M/api/v1/zz_generated.deepcopy.go:37.15,39.3 1 0
github.com/Networks-it-uc3m/L2S-M/api/v1/zz_generated.deepcopy.go:40.2,42.12 3 0
github.com/Networks-it-uc3m/L2S-M/api/v1/zz_generated.deepcopy.go:46.54,47.34 1 0
github.com/Networks-it-uc3m/L2S-M/api/v1/zz_generated.deepcopy.go:47.34,49.3 1 0
github.com/Networks-it-uc3m/L2S-M/api/v1/zz_generated.deepcopy.go:50.2,50.12 1 0
github.com/Networks-it-uc3m/L2S-M/api/v1/zz_generated.deepcopy.go:54.59,58.21 4 0
github.com/Networks-it-uc3m/L2S-M/api/v1/zz_generated.deepcopy.go:58.21,61.22 3 0
github.com/Networks-it-uc3m/L2S-M/api/v1/zz_generated.deepcopy.go:61.22,63.4 1 0
github.com/Networks-it-uc3m/L2S-M/api/v1/zz_generated.deepcopy.go:68.52,69.15 1 0
github.com/Networks-it-uc3m/L2S-M/api/v1/zz_generated.deepcopy.go:69.15,71.3 1 0
github.com/Networks-it-uc3m/L2S-M/api/v1/zz_generated.deepcopy.go:72.2,74.12 3 0
github.com/Networks-it-uc3m/L2S-M/api/v1/zz_generated.deepcopy.go:78.58,79.34 1 0
github.com/Networks-it-uc3m/L2S-M/api/v1/zz_generated.deepcopy.go:79.34,81.3 1 0
github.com/Networks-it-uc3m/L2S-M/api/v1/zz_generated.deepcopy.go:82.2,82.12 1 0
github.com/Networks-it-uc3m/L2S-M/api/v1/zz_generated.deepcopy.go:86.59,88.22 2 0
github.com/Networks-it-uc3m/L2S-M/api/v1/zz_generated.deepcopy.go:88.22,92.3 3 0
github.com/Networks-it-uc3m/L2S-M/api/v1/zz_generated.deepcopy.go:93.2,93.24 1 0
github.com/Networks-it-uc3m/L2S-M/api/v1/zz_generated.deepcopy.go:93.24,97.3 3 0
github.com/Networks-it-uc3m/L2S-M/api/v1/zz_generated.deepcopy.go:101.52,102.15 1 0
github.com/Networks-it-uc3m/L2S-M/api/v1/zz_generated.deepcopy.go:102.15,104.3 1 0
github.com/Networks-it-uc3m/L2S-M/api/v1/zz_generated.deepcopy.go:105.2,107.12 3 0
github.com/Networks-it-uc3m/L2S-M/api/v1/zz_generated.deepcopy.go:111.63,113.29 2 0
github.com/Networks-it-uc3m/L2S-M/api/v1/zz_generated.deepcopy.go:113.29,117.3 3 0
github.com/Networks-it-uc3m/L2S-M/api/v1/zz_generated.deepcopy.go:118.2,118.36 1 0
github.com/Networks-it-uc3m/L2S-M/api/v1/zz_generated.deepcopy.go:118.36,122.3 3 0
github.com/Networks-it-uc3m/L2S-M/api/v1/zz_generated.deepcopy.go:123.2,123.36 1 0
github.com/Networks-it-uc3m/L2S-M/api/v1/zz_generated.deepcopy.go:123.36,127.3 3 0
github.com/Networks-it-uc3m/L2S-M/api/v1/zz_generated.deepcopy.go:131.56,132.15 1 0
github.com/Networks-it-uc3m/L2S-M/api/v1/zz_generated.deepcopy.go:132.15,134.3 1 0
github.com/Networks-it-uc3m/L2S-M/api/v1/zz_generated.deepcopy.go:135.2,137.12 3 0
github.com/Networks-it-uc3m/L2S-M/api/v1/zz_generated.deepcopy.go:141.41,143.2 1 0
github.com/Networks-it-uc3m/L2S-M/api/v1/zz_generated.deepcopy.go:146.34,147.15 1 0
github.com/Networks-it-uc3m/L2S-M/api/v1/zz_generated.deepcopy.go:147.15,149.3 1 0
github.com/Networks-it-uc3m/L2S-M/api/v1/zz_generated.deepcopy.go:150.2,152.12 3 0
github.com/Networks-it-uc3m/L2S-M/api/v1/zz_generated.deepcopy.go:156.57,158.2 1 0
github.com/Networks-it-uc3m/L2S-M/api/v1/zz_generated.deepcopy.go:161.50,162.15 1 0
github.com/Networks-it-uc3m/L2S-M/api/v1/zz_generated.deepcopy.go:162.15,164.3 1 0
github.com/Networks-it-uc3m/L2S-M/api/v1/zz_generated.deepcopy.go:165.2,167.12 3 0
github.com/Networks-it-uc3m/L2S-M/api/v1/zz_generated.deepcopy.go:171.75,173.2 1 0
github.com/Networks-it-uc3m/L2S-M/api/v1/zz_generated.deepcopy.go:176.68,177.15 1 0
github.com/Networks-it-uc3m/L2S-M/api/v1/zz_generated.deepcopy.go:177.15,179.3 1 0
github.com/Networks-it-uc3m/L2S-M/api/v1/zz_generated.deepcopy.go:180.2,182.12 3 0
github.com/Networks-it-uc3m/L2S-M/api/v1/zz_generated.deepcopy.go:186.67,192.2 5 0
github.com/Networks-it-uc3m/L2S-M/api/v1/zz_generated.deepcopy.go:195.60,196.15 1 0
github.com/Networks-it-uc3m/L2S-M/api/v1/zz_generated.deepcopy.go:196.15,198.3 1 0
github.com/Networks-it-uc3m/L2S-M/api/v1/zz_generated.deepcopy.go:199.2,201.12 3 0
github.com/Networks-it-uc3m/L2S-M/api/v1/zz_generated.deepcopy.go:205.62,206.34 1 0
github.com/Networks-it-uc3m/L2S-M/api/v1/zz_generated.deepcopy.go:206.34,208.3 1 0
github.com/Networks-it-uc3m/L2S-M/api/v1/zz_generated.deepcopy.go:209.2,209.12 1 0
github.com/Networks-it-uc3m/L2S-M/api/v1/zz_generated.deepcopy.go:213.75,217.21 4 0
github.com/Networks-it-uc3m/L2S-M/api/v1/zz_generated.deepcopy.go:217.21,220.22 3 0
github.com/Networks-it-uc3m/L2S-M/api/v1/zz_generated.deepcopy.go:220.22,222.4 1 0
github.com/Networks-it-uc3m/L2S-M/api/v1/zz_generated.deepcopy.go:227.68,228.15 1 0
github.com/Networks-it-uc3m/L2S-M/api/v1/zz_generated.deepcopy.go:228.15,230.3 1 0
github.com/Networks-it-uc3m/L2S-M/api/v1/zz_generated.deepcopy.go:231.2,233.12 3 0
github.com/Networks-it-uc3m/L2S-M/api/v1/zz_generated.deepcopy.go:237.66,238.34 1 0
github.com/Networks-it-uc3m/L2S-M/api/v1/zz_generated.deepcopy.go:238.34,240.3 1 0
github.com/Networks-it-uc3m/L2S-M/api/v1/zz_generated.deepcopy.go:241.2,241.12 1 0
github.com/Networks-it-uc3m/L2S-M/api/v1/zz_generated.deepcopy.go:245.75,247.33 2 0
github.com/Networks-it-uc3m/L2S-M/api/v1/zz_generated.deepcopy.go:247.33,251.3 3 0
github.com/Networks-it-uc3m/L2S-M/api/v1/zz_generated.deepcopy.go:252.2,252.26 1 0
github.com/Networks-it-uc3m/L2S-M/api/v1/zz_generated.deepcopy.go:252.26,256.3 3 0
github.com/Networks-it-uc3m/L2S-M/api/v1/zz_generated.deepcopy.go:257.2,257.25 1 0
github.com/Networks-it-uc3m/L2S-M/api/v1/zz_generated.deepcopy.go:257.25,261.3 3 0
github.com/Networks-it-uc3m/L2S-M/api/v1/zz_generated.deepcopy.go:262.2,262.30 1 0
github.com/Networks-it-uc3m/L2S-M/api/v1/zz_generated.deepcopy.go:262.30,266.3 3 0
github.com/Networks-it-uc3m/L2S-M/api/v1/zz_generated.deepcopy.go:270.68,271.15 1 0
github.com/Networks-it-uc3m/L2S-M/api/v1/zz_generated.deepcopy.go:271.15,273.3 1 0
github.com/Networks-it-uc3m/L2S-M/api/v1/zz_generated.deepcopy.go:274.2,276.12 3 0
github.com/Networks-it-uc3m/L2S-M/api/v1/zz_generated.deepcopy.go:280.79,282.28 2 0
github.com/Networks-it-uc3m/L2S-M/api/v1/zz_generated.deepcopy.go:282.28,286.3 3 0
github.com/Networks-it-uc3m/L2S-M/api/v1/zz_generated.deepcopy.go:287.2,287.34 1 0
github.com/Networks-it-uc3m/L2S-M/api/v1/zz_generated.deepcopy.go:287.34,291.3 3 0
github.com/Networks-it-uc3m/L2S-M/api/v1/zz_generated.deepcopy.go:295.72,296.15 1 0
github.com/Networks-it-uc3m/L2S-M/api/v1/zz_generated.deepcopy.go:296.15,298.3 1 0
github.com/Networks-it-uc3m/L2S-M/api/v1/zz_generated.deepcopy.go:299.2,301.12 3 0
github.com/Networks-it-uc3m/L2S-M/api/v1/zz_generated.deepcopy.go:305.61,307.2 1 0
github.com/Networks-it-uc3m/L2S-M/api/v1/zz_generated.deepcopy.go:310.54,311.15 1 0
github.com/Networks-it-uc3m/L2S-M/api/v1/zz_generated.deepcopy.go:311.15,313.3 1 0
github.com/Networks-it-uc3m/L2S-M/api/v1/zz_generated.deepcopy.go:314.2,316.12 3 0
github.com/Networks-it-uc3m/L2S-M/api/v1/zz_generated.deepcopy.go:320.47,326.2 5 0
github.com/Networks-it-uc3m/L2S-M/api/v1/zz_generated.deepcopy.go:329.40,330.15 1 0
github.com/Networks-it-uc3m/L2S-M/api/v1/zz_generated.deepcopy.go:330.15,332.3 1 0
github.com/Networks-it-uc3m/L2S-M/api/v1/zz_generated.deepcopy.go:333.2,335.12 3 0
github.com/Networks-it-uc3m/L2S-M/api/v1/zz_generated.deepcopy.go:339.52,340.34 1 0
github.com/Networks-it-uc3m/L2S-M/api/v1/zz_generated.deepcopy.go:340.34,342.3 1 0
github.com/Networks-it-uc3m/L2S-M/api/v1/zz_generated.deepcopy.go:343.2,343.12 1 0
github.com/Networks-it-uc3m/L2S-M/api/v1/zz_generated.deepcopy.go:347.55,351.21 4 0
github.com/Networks-it-uc3m/L2S-M/api/v1/zz_generated.deepcopy.go:351.21,354.22 3 0
github.com/Networks-it-uc3m/L2S-M/api/v1/zz_generated.deepcopy.go:354.22,356.4 1 0
github.com/Networks-it-uc3m/L2S-M/api/v1/zz_generated.deepcopy.go:361.48,362.15 1 0
github.com/Networks-it-uc3m/L2S-M/api/v1/zz_generated.deepcopy.go:362.15,364.3 1 0
github.com/Networks-it-uc3m/L2S-M/api/v1/zz_generated.deepcopy.go:365.2,367.12 3 0
github.com/Networks-it-uc3m/L2S-M/api/v1/zz_generated.deepcopy.go:371.56,372.34 1 0
github.com/Networks-it-uc3m/L2S-M/api/v1/zz_generated.deepcopy.go:372.34,374.3 1 0
github.com/Networks-it-uc3m/L2S-M/api/v1/zz_generated.deepcopy.go:375.2,375.12 1 0
github.com/Networks-it-uc3m/L2S-M/api/v1/zz_generated.deepcopy.go:379.55,381.33 2 0
github.com/Networks-it-uc3m/L2S-M/api/v1/zz_generated.deepcopy.go:381.33,385.3 3 0
github.com/Networks-it-uc3m/L2S-M/api/v1/zz_generated.deepcopy.go:386.2,386.24 1 0
github.com/Networks-it-uc3m/L2S-M/api/v1/zz_generated.deepcopy.go:386.24,390.3 3 0
github.com/Networks-it-uc3m/L2S-M/api/v1/zz_generated.deepcopy.go:391.2,391.30 1 0
github.com/Networks-it-uc3m/L2S-M/api/v1/zz_generated.deepcopy.go:391.30,395.3 3 0
github.com/Networks-it-uc3m/L2S-M/api/v1/zz_generated.deepcopy.go:399.48,400.15 1 0
github.com/Networks-it-uc3m/L2S-M/api/v1/zz_generated.deepcopy.go:400.15,402.3 1 0
github.com/Networks-it-uc3m/L2S-M/api/v1/zz_generated.deepcopy.go:403.2,405.12 3 0
github.com/Networks-it-uc3m/L2S-M/api/v1/zz_generated.deepcopy.go:409.59,411.34 2 0
github.com/Networks-it-uc3m/L2S-M/api/v1/zz_generated.deepcopy.go:411.34,415.3 3 0
github.com/Networks-it-uc3m/L2S-M/api/v1/zz_generated.deepcopy.go:419.52,420.15 1 0
github.com/Networks-it-uc3m/L2S-M/api/v1/zz_generated.deepcopy.go:420.15,422.3 1 0
github.com/Networks-it-uc3m/L2S-M/api/v1/zz_generated.deepcopy.go:423.2,425.12 3 0
github.com/Networks-it-uc3m/L2S-M/api/v1/zz_generated.deepcopy.go:429.57,431.2 1 0
github.com/Networks-it-uc3m/L2S-M/api/v1/zz_generated.deepcopy.go:434.50,435.15 1 0
github.com/Networks-it-uc3m/L2S-M/api/v1/zz_generated.deepcopy.go:435.15,437.3 1 0
github.com/Networks-it-uc3m/L2S-M/api/v1/zz_generated.deepcopy.go:438.2,440.12 3 0
github.com/Networks-it-uc3m/L2S-M/api/v1/zz_generated.deepcopy.go:444.59,446.23 2 0
github.com/Networks-it-uc3m/L2S-M/api/v1/zz_generated.deepcopy.go:446.23,449.22 3 0
github.com/Networks-it-uc3m/L2S-M/api/v1/zz_generated.deepcopy.go:449.22,451.4 1 0
github.com/Networks-it-uc3m/L2S-M/api/v1/zz_generated.deepcopy.go:453.2,453.30 1 0
github.com/Networks-it-uc3m/L2S-M/api/v1/zz_generated.deepcopy.go:453.30,456.22 3 0
github.com/Networks-it-uc3m/L2S-M/api/v1/zz_generated.deepcopy.go:456.22,458.4 1 0
github.com/Networks-it-uc3m/L2S-M/api/v1/zz_generated.deepcopy.go:460.2,460.26 1 0
github.com/Networks-it-uc3m/L2S-M/api/v1/zz_generated.deepcopy.go:460.26,463.22 3 0
github.com/Networks-it-uc3m/L2S-M/api/v1/zz_generated.deepcopy.go:463.22,465.4 1 0
github.com/Networks-it-uc3m/L2S-M/api/v1/zz_generated.deepcopy.go:470.52,471.15 1 0
github.com/Networks-it-uc3m/L2S-M/api/v1/zz_generated.deepcopy.go:471.15,473.3 1 0
github.com/Networks-it-uc3m/L2S-M/api/v1/zz_generated.deepcopy.go:474.2,476.12 3 0
github.com/Networks-it-uc3m/L2S-M/api/v1/zz_generated.deepcopy.go:480.69,484.2 3 0
github.com/Networks-it-uc3m/L2S-M/api/v1/zz_generated.deepcopy.go:487.62,488.15 1 0
github.com/Networks-it-uc3m/L2S-M/api/v1/zz_generated.deepcopy.go:488.15,490.3 1 0
github.com/Networks-it-uc3m/L2S-M/api/v1/zz_generated.deepcopy.go:491.2,493.12 3 0
github.com/Networks-it-uc3m/L2S-M/api/v1/zz_generated.deepcopy.go:497.57,499.21 2 0
github.com/Networks-it-uc3m/L2S-M/api/v1/zz_generated.deepcopy.go:499.21,503.3 3 0
github.com/Networks-it-uc3m/L2S-M/api/v1/zz_generated.deepcopy.go:504.2,504.21 1 0
github.com/Networks-it-uc3m/L2S-M/api/v1/zz_generated.deepcopy.go:504.21,508.3 3 0
github.com/Networks-it-uc3m/L2S-M/api/v1/zz_generated.deepcopy.go:512.50,513.15 1 0
github.com/Networks-it-uc3m/L2S-M/api/v1/zz_generated.deepcopy.go:513.15,515.3 1 0
github.com/Networks-it-uc3m/L2S-M/api/v1/zz_generated.deepcopy.go:516.2,518.12 3 0
github.com/Networks-it-uc3m/L2S-M/internal/controller/l2network_controller.go:57.101,66.16 4 0
github.com/Networks-it-uc3m/L2S-M/internal/controller/l2network_controller.go:66.16,69.3 2 0
github.com/Networks-it-uc3m/L2S-M/internal/controller/l2network_controller.go:72.2,72.43 1 0
github.com/Networks-it-uc3m/L2S-M/internal/controller/l2network_controller.go:72.43,73.67 1 0
github.com/Networks-it-uc3m/L2S-M/internal/controller/l2network_controller.go:73.67,75.90 1 0
github.com/Networks-it-uc3m/L2S-M/internal/controller/l2network_controller.go:75.90,80.5 2 0
github.com/Networks-it-uc3m/L2S-M/internal/controller/l2network_controller.go:83.4,84.49 2 0
github.com/Networks-it-uc3m/L2S-M/internal/controller/l2network_controller.go:84.49,87.5 2 0
github.com/Networks-it-uc3m/L2S-M/internal/controller/l2network_controller.go:91.3,91.28 1 0
github.com/Networks-it-uc3m/L2S-M/internal/controller/l2network_controller.go:95.2,95.67 1 0
github.com/Networks-it-uc3m/L2S-M/internal/controller/l2network_controller.go:95.67,97.17 2 0
github.com/Networks-it-uc3m/L2S-M/internal/controller/l2network_controller.go:97.17,102.4 3 0
github.com/Networks-it-uc3m/L2S-M/internal/controller/l2network_controller.go:103.3,106.48 4 0
github.com/Networks-it-uc3m/L2S-M/internal/controller/l2network_controller.go:106.48,108.4 1 0
github.com/Networks-it-uc3m/L2S-M/internal/controller/l2network_controller.go:112.2,112.34 1 0
github.com/Networks-it-uc3m/L2S-M/internal/controller/l2network_controller.go:112.34,114.17 2 0
github.com/Networks-it-uc3m/L2S-M/internal/controller/l2network_controller.go:114.17,116.4 1 0
github.com/Networks-it-uc3m/L2S-M/internal/controller/l2network_controller.go:117.3,120.81 2 0
github.com/Networks-it-uc3m/L2S-M/internal/controller/l2network_controller.go:120.81,123.4 2 0
github.com/Networks-it-uc3m/L2S-M/internal/controller/l2network_controller.go:153.2,154.27 2 0
github.com/Networks-it-uc3m/L2S-M/internal/controller/l2network_controller.go:158.72,169.16 7 0
github.com/Networks-it-uc3m/L2S-M/internal/controller/l2network_controller.go:169.16,172.3 2 0
github.com/Networks-it-uc3m/L2S-M/internal/controller/l2network_controller.go:173.2,175.14 1 0
github.com/Networks-it-uc3m/L2S-M/internal/controller/l2network_controller.go:178.106,180.34 1 0
github.com/Networks-it-uc3m/L2S-M/internal/controller/l2network_controller.go:180.34,182.3 1 0
github.com/Networks-it-uc3m/L2S-M/internal/controller/l2network_controller.go:183.2,187.16 3 0
github.com/Networks-it-uc3m/L2S-M/internal/controller/l2network_controller.go:187.16,189.3 1 0
github.com/Networks-it-uc3m/L2S-M/internal/controller/l2network_controller.go:191.2,192.16 2 0
github.com/Networks-it-uc3m/L2S-M/internal/controller/l2network_controller.go:192.16,196.3 2 0
github.com/Networks-it-uc3m/L2S-M/internal/controller/l2network_controller.go:198.2,198.13 1 0
github.com/Networks-it-uc3m/L2S-M/internal/controller/l2network_controller.go:198.13,200.17 2 0
github.com/Networks-it-uc3m/L2S-M/internal/controller/l2network_controller.go:200.17,203.4 2 0
github.com/Networks-it-uc3m/L2S-M/internal/controller/l2network_controller.go:204.3,204.80 1 0
github.com/Networks-it-uc3m/L2S-M/internal/controller/l2network_controller.go:205.8,207.3 1 0
github.com/Networks-it-uc3m/L2S-M/internal/controller/l2network_controller.go:208.2,208.33 1 0
github.com/Networks-it-uc3m/L2S-M/internal/controller/l2network_controller.go:212.142,218.2 2 0
github.com/Networks-it-uc3m/L2S-M/internal/controller/networkedgedevice_controller.go:64.109,70.70 3 0
github.com/Networks-it-uc3m/L2S-M/internal/controller/networkedgedevice_controller.go:70.70,75.3 1 0
github.com/Networks-it-uc3m/L2S-M/internal/controller/networkedgedevice_controller.go:78.2,78.57 1 0
github.com/Networks-it-uc3m/L2S-M/internal/controller/networkedgedevice_controller.go:78.57,82.70 1 0
github.com/Networks-it-uc3m/L2S-M/internal/controller/networkedgedevice_controller.go:82.70,84.55 2 0
github.com/Networks-it-uc3m/L2S-M/internal/controller/networkedgedevice_controller.go:84.55,86.5 1 0
github.com/Networks-it-uc3m/L2S-M/internal/controller/networkedgedevice_controller.go:87.4,87.84 1 0
github.com/Networks-it-uc3m/L2S-M/internal/controller/networkedgedevice_controller.go:90.8,92.69 1 0
github.com/Networks-it-uc3m/L2S-M/internal/controller/networkedgedevice_controller.go:92.69,102.55 2 0
github.com/Networks-it-uc3m/L2S-M/internal/controller/networkedgedevice_controller.go:102.55,104.5 1 0
github.com/Networks-it-uc3m/L2S-M/internal/controller/networkedgedevice_controller.go:107.3,109.28 2 0
github.com/Networks-it-uc3m/L2S-M/internal/controller/networkedgedevice_controller.go:112.2,113.144 2 0
github.com/Networks-it-uc3m/L2S-M/internal/controller/networkedgedevice_controller.go:113.144,116.3 2 0
github.com/Networks-it-uc3m/L2S-M/internal/controller/networkedgedevice_controller.go:118.2,118.39 1 0
github.com/Networks-it-uc3m/L2S-M/internal/controller/networkedgedevice_controller.go:118.39,119.71 1 0
github.com/Networks-it-uc3m/L2S-M/internal/controller/networkedgedevice_controller.go:119.71,122.4 2 0
github.com/Networks-it-uc3m/L2S-M/internal/controller/networkedgedevice_controller.go:123.3,124.58 2 0
github.com/Networks-it-uc3m/L2S-M/internal/controller/networkedgedevice_controller.go:132.2,132.27 1 0
github.com/Networks-it-uc3m/L2S-M/internal/controller/networkedgedevice_controller.go:136.80,137.145 1 0
github.com/Networks-it-uc3m/L2S-M/internal/controller/networkedgedevice_controller.go:137.145,141.19 3 0
github.com/Networks-it-uc3m/L2S-M/internal/controller/networkedgedevice_controller.go:141.19,143.4 1 0
github.com/Networks-it-uc3m/L2S-M/internal/controller/networkedgedevice_controller.go:145.3,145.72 1 0
github.com/Networks-it-uc3m/L2S-M/internal/controller/networkedgedevice_controller.go:145.72,147.4 1 0
github.com/Networks-it-uc3m/L2S-M/internal/controller/networkedgedevice_controller.go:150.3,150.30 1 0
github.com/Networks-it-uc3m/L2S-M/internal/controller/networkedgedevice_controller.go:151.17,153.3 1 0
github.com/Networks-it-uc3m/L2S-M/internal/controller/networkedgedevice_controller.go:154.2,157.14 1 0
github.com/Networks-it-uc3m/L2S-M/internal/controller/networkedgedevice_controller.go:164.131,167.56 2 0
github.com/Networks-it-uc3m/L2S-M/internal/controller/networkedgedevice_controller.go:167.56,169.3 1 0
github.com/Networks-it-uc3m/L2S-M/internal/controller/networkedgedevice_controller.go:170.2,171.16 2 0
github.com/Networks-it-uc3m/L2S-M/internal/controller/networkedgedevice_controller.go:171.16,173.3 1 0
github.com/Networks-it-uc3m/L2S-M/internal/controller/networkedgedevice_controller.go:174.2,177.16 3 0
github.com/Networks-it-uc3m/L2S-M/internal/controller/networkedgedevice_controller.go:177.16,179.3 1 0
github.com/Networks-it-uc3m/L2S-M/internal/controller/networkedgedevice_controller.go:182.2,182.103 1 0
github.com/Networks-it-uc3m/L2S-M/internal/controller/networkedgedevice_controller.go:182.103,194.99 2 0
github.com/Networks-it-uc3m/L2S-M/internal/controller/networkedgedevice_controller.go:194.99,196.4 1 0
github.com/Networks-it-uc3m/L2S-M/internal/controller/networkedgedevice_controller.go:197.3,197.24 1 0
github.com/Networks-it-uc3m/L2S-M/internal/controller/networkedgedevice_controller.go:200.2,202.16 2 0
github.com/Networks-it-uc3m/L2S-M/internal/controller/networkedgedevice_controller.go:202.16,204.3 1 0
github.com/Networks-it-uc3m/L2S-M/internal/controller/networkedgedevice_controller.go:206.2,206.56 1 0
github.com/Networks-it-uc3m/L2S-M/internal/controller/networkedgedevice_controller.go:206.56,208.3 1 0
github.com/Networks-it-uc3m/L2S-M/internal/controller/networkedgedevice_controller.go:210.2,210.105 1 0
github.com/Networks-it-uc3m/L2S-M/internal/controller/networkedgedevice_controller.go:210.105,224.79 4 0
github.com/Networks-it-uc3m/L2S-M/internal/controller/networkedgedevice_controller.go:224.79,227.4 2 0
github.com/Networks-it-uc3m/L2S-M/internal/controller/networkedgedevice_controller.go:230.3,284.67 3 0
github.com/Networks-it-uc3m/L2S-M/internal/controller/networkedgedevice_controller.go:284.67,286.4 1 0
github.com/Networks-it-uc3m/L2S-M/internal/controller/networkedgedevice_controller.go:287.3,287.62 1 0
github.com/Networks-it-uc3m/L2S-M/internal/controller/networkedgedevice_controller.go:287.62,289.4 1 0
github.com/Networks-it-uc3m/L2S-M/internal/controller/networkedgedevice_controller.go:290.3,290.100 1 0
github.com/Networks-it-uc3m/L2S-M/internal/controller/networkedgedevice_controller.go:290.100,292.4 1 0
github.com/Networks-it-uc3m/L2S-M/internal/controller/networkedgedevice_controller.go:293.3,293.25 1 0
github.com/Networks-it-uc3m/L2S-M/internal/controller/networkedgedevice_controller.go:296.2,297.16 2 0
github.com/Networks-it-uc3m/L2S-M/internal/controller/networkedgedevice_controller.go:297.16,299.3 1 0
github.com/Networks-it-uc3m/L2S-M/internal/controller/networkedgedevice_controller.go:301.2,301.56 1 0
github.com/Networks-it-uc3m/L2S-M/internal/controller/networkedgedevice_controller.go:301.56,303.3 1 0
github.com/Networks-it-uc3m/L2S-M/internal/controller/networkedgedevice_controller.go:305.2,305.12 1 0
github.com/Networks-it-uc3m/L2S-M/internal/controller/overlay_controller.go:63.99,69.64 3 0
github.com/Networks-it-uc3m/L2S-M/internal/controller/overlay_controller.go:69.64,74.3 1 0
github.com/Networks-it-uc3m/L2S-M/internal/controller/overlay_controller.go:79.2,79.51 1 0
github.com/Networks-it-uc3m/L2S-M/internal/controller/overlay_controller.go:79.51,83.64 1 0
github.com/Networks-it-uc3m/L2S-M/internal/controller/overlay_controller.go:83.64,85.49 2 0
github.com/Networks-it-uc3m/L2S-M/internal/controller/overlay_controller.go:85.49,87.5 1 0
github.com/Networks-it-uc3m/L2S-M/internal/controller/overlay_controller.go:88.4,88.56 1 0
github.com/Networks-it-uc3m/L2S-M/internal/controller/overlay_controller.go:91.8,93.63 1 0
github.com/Networks-it-uc3m/L2S-M/internal/controller/overlay_controller.go:93.63,95.66 1 0
github.com/Networks-it-uc3m/L2S-M/internal/controller/overlay_controller.go:95.66,99.5 1 0
github.com/Networks-it-uc3m/L2S-M/internal/controller/overlay_controller.go:102.4,103.49 2 0
github.com/Networks-it-uc3m/L2S-M/internal/controller/overlay_controller.go:103.49,105.5 1 0
github.com/Networks-it-uc3m/L2S-M/internal/controller/overlay_controller.go:108.3,110.28 2 0
github.com/Networks-it-uc3m/L2S-M/internal/controller/overlay_controller.go:113.2,114.151 2 0
github.com/Networks-it-uc3m/L2S-M/internal/controller/overlay_controller.go:114.151,117.3 2 0
github.com/Networks-it-uc3m/L2S-M/internal/controller/overlay_controller.go:119.2,119.39 1 0
github.com/Networks-it-uc3m/L2S-M/internal/controller/overlay_controller.go:119.39,120.65 1 0
github.com/Networks-it-uc3m/L2S-M/internal/controller/overlay_controller.go:120.65,123.4 2 0
github.com/Networks-it-uc3m/L2S-M/internal/controller/overlay_controller.go:124.3,125.58 2 0
github.com/Networks-it-uc3m/L2S-M/internal/controller/overlay_controller.go:133.2,133.27 1 0
github.com/Networks-it-uc3m/L2S-M/internal/controller/overlay_controller.go:137.70,138.152 1 0
github.com/Networks-it-uc3m/L2S-M/internal/controller/overlay_controller.go:138.152,142.19 3 0
github.com/Networks-it-uc3m/L2S-M/internal/controller/overlay_controller.go:142.19,144.4 1 0
github.com/Networks-it-uc3m/L2S-M/internal/controller/overlay_controller.go:146.3,146.62 1 0
github.com/Networks-it-uc3m/L2S-M/internal/controller/overlay_controller.go:146.62,148.4 1 0
github.com/Networks-it-uc3m/L2S-M/internal/controller/overlay_controller.go:151.3,151.30 1 0
github.com/Networks-it-uc3m/L2S-M/internal/controller/overlay_controller.go:152.17,154.3 1 0
github.com/Networks-it-uc3m/L2S-M/internal/controller/overlay_controller.go:155.2,158.14 1 0
github.com/Networks-it-uc3m/L2S-M/internal/controller/overlay_controller.go:161.105,168.2 3 0
github.com/Networks-it-uc3m/L2S-M/internal/controller/overlay_controller.go:184.105,187.91 1 0
github.com/Networks-it-uc3m/L2S-M/internal/controller/overlay_controller.go:187.91,199.56 4 0
github.com/Networks-it-uc3m/L2S-M/internal/controller/overlay_controller.go:199.56,205.4 2 0
github.com/Networks-it-uc3m/L2S-M/internal/controller/overlay_controller.go:208.3,208.59 1 0
github.com/Networks-it-uc3m/L2S-M/internal/controller/overlay_controller.go:208.59,214.4 2 0
github.com/Networks-it-uc3m/L2S-M/internal/controller/overlay_controller.go:217.3,218.17 2 0
github.com/Networks-it-uc3m/L2S-M/internal/controller/overlay_controller.go:218.17,220.4 1 0
github.com/Networks-it-uc3m/L2S-M/internal/controller/overlay_controller.go:222.3,223.17 2 0
github.com/Networks-it-uc3m/L2S-M/internal/controller/overlay_controller.go:223.17,225.4 1 0
github.com/Networks-it-uc3m/L2S-M/internal/controller/overlay_controller.go:226.3,236.93 2 0
github.com/Networks-it-uc3m/L2S-M/internal/controller/overlay_controller.go:236.93,238.4 1 0
github.com/Networks-it-uc3m/L2S-M/internal/controller/overlay_controller.go:239.3,239.24 1 0
github.com/Networks-it-uc3m/L2S-M/internal/controller/overlay_controller.go:242.2,245.56 2 0
github.com/Networks-it-uc3m/L2S-M/internal/controller/overlay_controller.go:245.56,247.3 1 0
github.com/Networks-it-uc3m/L2S-M/internal/controller/overlay_controller.go:249.2,249.158 1 0
github.com/Networks-it-uc3m/L2S-M/internal/controller/overlay_controller.go:249.158,262.73 3 0
github.com/Networks-it-uc3m/L2S-M/internal/controller/overlay_controller.go:262.73,265.4 2 0
github.com/Networks-it-uc3m/L2S-M/internal/controller/overlay_controller.go:268.3,296.54 5 0
github.com/Networks-it-uc3m/L2S-M/internal/controller/overlay_controller.go:296.54,317.4 2 0
github.com/Networks-it-uc3m/L2S-M/internal/controller/overlay_controller.go:319.3,321.52 3 0
github.com/Networks-it-uc3m/L2S-M/internal/controller/overlay_controller.go:321.52,359.62 3 0
github.com/Networks-it-uc3m/L2S-M/internal/controller/overlay_controller.go:359.62,361.5 1 0
github.com/Networks-it-uc3m/L2S-M/internal/controller/overlay_controller.go:362.4,362.57 1 0
github.com/Networks-it-uc3m/L2S-M/internal/controller/overlay_controller.go:362.57,364.5 1 0
github.com/Networks-it-uc3m/L2S-M/internal/controller/overlay_controller.go:365.4,365.95 1 0
github.com/Networks-it-uc3m/L2S-M/internal/controller/overlay_controller.go:365.95,367.5 1 0
github.com/Networks-it-uc3m/L2S-M/internal/controller/overlay_controller.go:369.4,390.92 3 0
github.com/Networks-it-uc3m/L2S-M/internal/controller/overlay_controller.go:390.92,392.5 1 0
github.com/Networks-it-uc3m/L2S-M/internal/controller/overlay_controller.go:394.4,394.40 1 0
github.com/Networks-it-uc3m/L2S-M/internal/controller/overlay_controller.go:397.3,397.66 1 0
github.com/Networks-it-uc3m/L2S-M/internal/controller/overlay_controller.go:400.2,401.16 2 0
github.com/Networks-it-uc3m/L2S-M/internal/controller/overlay_controller.go:401.16,403.3 1 0
github.com/Networks-it-uc3m/L2S-M/internal/controller/overlay_controller.go:404.2,404.45 1 0
github.com/Networks-it-uc3m/L2S-M/internal/controller/overlay_controller.go:404.45,405.59 1 0
github.com/Networks-it-uc3m/L2S-M/internal/controller/overlay_controller.go:405.59,407.4 1 0
github.com/Networks-it-uc3m/L2S-M/internal/controller/overlay_controller.go:409.2,409.41 1 0
github.com/Networks-it-uc3m/L2S-M/internal/controller/overlay_controller.go:409.41,410.57 1 0
github.com/Networks-it-uc3m/L2S-M/internal/controller/overlay_controller.go:410.57,412.4 1 0
github.com/Networks-it-uc3m/L2S-M/internal/controller/overlay_controller.go:414.2,414.35 1 0
github.com/Networks-it-uc3m/L2S-M/internal/controller/overlay_controller.go:414.35,415.54 1 0
github.com/Networks-it-uc3m/L2S-M/internal/controller/overlay_controller.go:415.54,417.4 1 0
github.com/Networks-it-uc3m/L2S-M/internal/controller/overlay_controller.go:420.2,420.12 1 0
github.com/Networks-it-uc3m/L2S-M/internal/controller/pod_controller.go:60.95,65.16 4 0
github.com/Networks-it-uc3m/L2S-M/internal/controller/pod_controller.go:65.16,68.3 1 0
github.com/Networks-it-uc3m/L2S-M/internal/controller/pod_controller.go:71.2,71.65 1 0
github.com/Networks-it-uc3m/L2S-M/internal/controller/pod_controller.go:71.65,74.3 1 0
github.com/Networks-it-uc3m/L2S-M/internal/controller/pod_controller.go:79.2,79.39 1 0
github.com/Networks-it-uc3m/L2S-M/internal/controller/pod_controller.go:79.39,80.63 1 0
github.com/Networks-it-uc3m/L2S-M/internal/controller/pod_controller.go:80.63,109.45 3 0
github.com/Networks-it-uc3m/L2S-M/internal/controller/pod_controller.go:109.45,111.5 1 0
github.com/Networks-it-uc3m/L2S-M/internal/controller/pod_controller.go:113.4,113.29 1 0
github.com/Networks-it-uc3m/L2S-M/internal/controller/pod_controller.go:116.3,116.28 1 0
github.com/Networks-it-uc3m/L2S-M/internal/controller/pod_controller.go:121.2,121.63 1 0
github.com/Networks-it-uc3m/L2S-M/internal/controller/pod_controller.go:121.63,124.44 2 0
github.com/Networks-it-uc3m/L2S-M/internal/controller/pod_controller.go:124.44,126.4 1 0
github.com/Networks-it-uc3m/L2S-M/internal/controller/pod_controller.go:127.3,133.17 3 0
github.com/Networks-it-uc3m/L2S-M/internal/controller/pod_controller.go:133.17,136.4 2 0
github.com/Networks-it-uc3m/L2S-M/internal/controller/pod_controller.go:139.3,143.17 2 0
github.com/Networks-it-uc3m/L2S-M/internal/controller/pod_controller.go:143.17,149.4 2 0
github.com/Networks-it-uc3m/L2S-M/internal/controller/pod_controller.go:152.3,159.10 2 0
github.com/Networks-it-uc3m/L2S-M/internal/controller/pod_controller.go:159.10,162.4 2 0
github.com/Networks-it-uc3m/L2S-M/internal/controller/pod_controller.go:165.3,169.79 2 0
github.com/Networks-it-uc3m/L2S-M/internal/controller/pod_controller.go:169.79,172.4 2 0
github.com/Networks-it-uc3m/L2S-M/internal/controller/pod_controller.go:176.3,178.40 2 0
github.com/Networks-it-uc3m/L2S-M/internal/controller/pod_controller.go:178.40,182.18 2 0
github.com/Networks-it-uc3m/L2S-M/internal/controller/pod_controller.go:182.18,186.5 1 0
github.com/Networks-it-uc3m/L2S-M/internal/controller/pod_controller.go:187.4,191.18 3 0
github.com/Networks-it-uc3m/L2S-M/internal/controller/pod_controller.go:191.18,194.5 2 0
github.com/Networks-it-uc3m/L2S-M/internal/controller/pod_controller.go:197.4,197.36 1 0
github.com/Networks-it-uc3m/L2S-M/internal/controller/pod_controller.go:197.36,203.19 3 0
github.com/Networks-it-uc3m/L2S-M/internal/controller/pod_controller.go:203.19,207.6 2 0
github.com/Networks-it-uc3m/L2S-M/internal/controller/pod_controller.go:209.5,210.19 2 0
github.com/Networks-it-uc3m/L2S-M/internal/controller/pod_controller.go:210.19,213.6 2 0
github.com/Networks-it-uc3m/L2S-M/internal/controller/pod_controller.go:217.5,218.19 2 0
github.com/Networks-it-uc3m/L2S-M/internal/controller/pod_controller.go:218.19,222.6 1 0
github.com/Networks-it-uc3m/L2S-M/internal/controller/pod_controller.go:223.5,224.19 2 0
github.com/Networks-it-uc3m/L2S-M/internal/controller/pod_controller.go:224.19,228.6 2 0
github.com/Networks-it-uc3m/L2S-M/internal/controller/pod_controller.go:229.5,229.57 1 0
github.com/Networks-it-uc3m/L2S-M/internal/controller/pod_controller.go:236.2,236.27 1 0
github.com/Networks-it-uc3m/L2S-M/internal/controller/pod_controller.go:241.66,247.16 4 0
github.com/Networks-it-uc3m/L2S-M/internal/controller/pod_controller.go:247.16,250.3 2 0
github.com/Networks-it-uc3m/L2S-M/internal/controller/pod_controller.go:251.2,253.14 1 0
github.com/Networks-it-uc3m/L2S-M/internal/controller/pod_controller.go:257.138,264.16 4 0
github.com/Networks-it-uc3m/L2S-M/internal/controller/pod_controller.go:264.16,267.3 1 0
github.com/Networks-it-uc3m/L2S-M/internal/controller/pod_controller.go:270.2,272.16 2 0
github.com/Networks-it-uc3m/L2S-M/internal/controller/pod_controller.go:272.16,274.3 1 0
github.com/Networks-it-uc3m/L2S-M/internal/controller/pod_controller.go:276.2,280.16 4 0
github.com/Networks-it-uc3m/L2S-M/internal/controller/pod_controller.go:280.16,283.3 1 0
github.com/Networks-it-uc3m/L2S-M/internal/controller/pod_controller.go:284.2,284.12 1 0
github.com/Networks-it-uc3m/L2S-M/internal/controller/pod_controller.go:287.152,294.35 4 0
github.com/Networks-it-uc3m/L2S-M/internal/controller/pod_controller.go:294.35,298.3 2 0
github.com/Networks-it-uc3m/L2S-M/internal/controller/pod_controller.go:300.2,310.16 6 0
github.com/Networks-it-uc3m/L2S-M/internal/controller/pod_controller.go:310.16,313.3 1 0
github.com/Networks-it-uc3m/L2S-M/internal/controller/pod_controller.go:315.2,317.16 3 0
github.com/Networks-it-uc3m/L2S-M/internal/controller/pod_controller.go:317.16,320.3 1 0
github.com/Networks-it-uc3m/L2S-M/internal/controller/pod_controller.go:322.2,322.27 1 0
github.com/Networks-it-uc3m/L2S-M/internal/controller/pod_utils.go:44.82,48.16 3 0
github.com/Networks-it-uc3m/L2S-M/internal/controller/pod_utils.go:48.16,52.30 2 0
github.com/Networks-it-uc3m/L2S-M/internal/controller/pod_utils.go:52.30,54.18 2 0
github.com/Networks-it-uc3m/L2S-M/internal/controller/pod_utils.go:54.18,56.5 1 0
github.com/Networks-it-uc3m/L2S-M/internal/controller/pod_utils.go:61.2,61.26 1 0
github.com/Networks-it-uc3m/L2S-M/internal/controller/pod_utils.go:61.26,62.39 1 0
github.com/Networks-it-uc3m/L2S-M/internal/controller/pod_utils.go:62.39,65.4 1 0
github.com/Networks-it-uc3m/L2S-M/internal/controller/pod_utils.go:66.3,66.36 1 0
github.com/Networks-it-uc3m/L2S-M/internal/controller/pod_utils.go:68.2,68.22 1 0
github.com/Networks-it-uc3m/L2S-M/internal/controller/pod_utils.go:71.116,74.48 2 0
github.com/Networks-it-uc3m/L2S-M/internal/controller/pod_utils.go:74.48,76.3 1 0
github.com/Networks-it-uc3m/L2S-M/internal/controller/pod_utils.go:79.2,80.43 2 0
github.com/Networks-it-uc3m/L2S-M/internal/controller/pod_utils.go:80.43,82.3 1 0
github.com/Networks-it-uc3m/L2S-M/internal/controller/pod_utils.go:85.2,86.31 2 0
github.com/Networks-it-uc3m/L2S-M/internal/controller/pod_utils.go:86.31,87.58 1 0
github.com/Networks-it-uc3m/L2S-M/internal/controller/pod_utils.go:87.58,89.4 1 0
github.com/Networks-it-uc3m/L2S-M/internal/controller/pod_utils.go:89.9,91.4 1 0
github.com/Networks-it-uc3m/L2S-M/internal/controller/pod_utils.go:94.2,94.26 1 0
github.com/Networks-it-uc3m/L2S-M/internal/controller/pod_utils.go:97.139,117.2 9 0
github.com/Networks-it-uc3m/L2S-M/internal/controller/pod_utils.go:119.57,134.2 5 0
github.com/Networks-it-uc3m/L2S-M/internal/controller/pod_utils.go:135.77,137.16 2 0
github.com/Networks-it-uc3m/L2S-M/internal/controller/pod_utils.go:137.16,139.3 1 0
github.com/Networks-it-uc3m/L2S-M/internal/controller/pod_utils.go:140.2,140.25 1 0
github.com/Networks-it-uc3m/L2S-M/internal/controller/pod_utils.go:143.127,150.16 3 0
github.com/Networks-it-uc3m/L2S-M/internal/controller/pod_utils.go:150.16,152.3 1 0
github.com/Networks-it-uc3m/L2S-M/internal/controller/pod_utils.go:153.2,154.12 2 0
github.com/Networks-it-uc3m/L2S-M/internal/controller/pod_utils.go:158.66,161.32 3 0
github.com/Networks-it-uc3m/L2S-M/internal/controller/pod_utils.go:161.32,164.3 2 0
github.com/Networks-it-uc3m/L2S-M/internal/controller/pod_utils.go:166.2,166.57 1 0
github.com/Networks-it-uc3m/L2S-M/internal/controller/pod_utils.go:169.34,179.2 3 1
github.com/Networks-it-uc3m/L2S-M/internal/controller/pod_webhook.go:37.94,44.16 5 0
github.com/Networks-it-uc3m/L2S-M/internal/controller/pod_webhook.go:44.16,47.3 2 0
github.com/Networks-it-uc3m/L2S-M/internal/controller/pod_webhook.go:48.2,48.29 1 0
github.com/Networks-it-uc3m/L2S-M/internal/controller/pod_webhook.go:48.29,50.3 1 0
github.com/Networks-it-uc3m/L2S-M/internal/controller/pod_webhook.go:54.2,54.63 1 0
github.com/Networks-it-uc3m/L2S-M/internal/controller/pod_webhook.go:54.63,55.58 1 0
github.com/Networks-it-uc3m/L2S-M/internal/controller/pod_webhook.go:55.58,57.4 1 0
github.com/Networks-it-uc3m/L2S-M/internal/controller/pod_webhook.go:58.3,62.17 3 0
github.com/Networks-it-uc3m/L2S-M/internal/controller/pod_webhook.go:62.17,65.4 2 0
github.com/Networks-it-uc3m/L2S-M/internal/controller/pod_webhook.go:67.3,67.67 1 0
github.com/Networks-it-uc3m/L2S-M/internal/controller/pod_webhook.go:67.67,71.4 1 0
github.com/Networks-it-uc3m/L2S-M/internal/controller/pod_webhook.go:75.3,80.47 3 0
github.com/Networks-it-uc3m/L2S-M/internal/controller/pod_webhook.go:80.47,83.4 2 0
github.com/Networks-it-uc3m/L2S-M/internal/controller/pod_webhook.go:87.3,87.40 1 0
github.com/Networks-it-uc3m/L2S-M/internal/controller/pod_webhook.go:87.40,94.18 5 0
github.com/Networks-it-uc3m/L2S-M/internal/controller/pod_webhook.go:94.18,97.5 1 0
github.com/Networks-it-uc3m/L2S-M/internal/controller/pod_webhook.go:98.4,98.64 1 0
github.com/Networks-it-uc3m/L2S-M/internal/controller/pod_webhook.go:100.3,106.17 4 0
github.com/Networks-it-uc3m/L2S-M/internal/controller/pod_webhook.go:106.17,109.4 2 0
github.com/Networks-it-uc3m/L2S-M/internal/controller/pod_webhook.go:110.3,110.70 1 0
github.com/Networks-it-uc3m/L2S-M/internal/controller/pod_webhook.go:113.2,113.57 1 0
github.com/Networks-it-uc3m/L2S-M/internal/controller/pod_webhook.go:117.66,120.2 2 0
github.com/Networks-it-uc3m/L2S-M/internal/nedinterface/nedinterface.go:31.78,35.16 2 0
github.com/Networks-it-uc3m/L2S-M/internal/nedinterface/nedinterface.go:35.16,37.3 1 0
github.com/Networks-it-uc3m/L2S-M/internal/nedinterface/nedinterface.go:39.2,53.16 7 0
github.com/Networks-it-uc3m/L2S-M/internal/nedinterface/nedinterface.go:53.16,55.3 1 0
github.com/Networks-it-uc3m/L2S-M/internal/nedinterface/nedinterface.go:57.2,57.53 1 0
github.com/Networks-it-uc3m/L2S-M/internal/nedinterface/nedinterface.go:60.120,63.42 2 0
github.com/Networks-it-uc3m/L2S-M/internal/nedinterface/nedinterface.go:63.42,65.3 1 0
github.com/Networks-it-uc3m/L2S-M/internal/nedinterface/nedinterface.go:67.2,67.33 1 0
github.com/Networks-it-uc3m/L2S-M/internal/nedinterface/nedinterface.go:67.33,68.54 1 0
github.com/Networks-it-uc3m/L2S-M/internal/nedinterface/nedinterface.go:68.54,71.4 1 0
github.com/Networks-it-uc3m/L2S-M/internal/nedinterface/nedinterface.go:75.2,75.108 1 0
github.com/Networks-it-uc3m/L2S-M/internal/sdnclient/client.go:44.76,47.20 2 0
github.com/Networks-it-uc3m/L2S-M/internal/sdnclient/client.go:48.20,50.39 2 0
github.com/Networks-it-uc3m/L2S-M/internal/sdnclient/client.go:50.39,52.4 1 0
github.com/Networks-it-uc3m/L2S-M/internal/sdnclient/client.go:53.3,53.21 1 0
github.com/Networks-it-uc3m/L2S-M/internal/sdnclient/client.go:54.20,56.39 2 0
github.com/Networks-it-uc3m/L2S-M/internal/sdnclient/client.go:56.39,58.4 1 0
github.com/Networks-it-uc3m/L2S-M/internal/sdnclient/client.go:59.3,59.21 1 0
github.com/Networks-it-uc3m/L2S-M/internal/sdnclient/client.go:60.10,61.52 1 0
github.com/Networks-it-uc3m/L2S-M/internal/sdnclient/external_client.go:31.56,34.16 2 0
github.com/Networks-it-uc3m/L2S-M/internal/sdnclient/external_client.go:34.16,36.3 1 0
github.com/Networks-it-uc3m/L2S-M/internal/sdnclient/external_client.go:37.2,40.41 2 0
github.com/Networks-it-uc3m/L2S-M/internal/sdnclient/external_client.go:44.98,47.16 2 0
github.com/Networks-it-uc3m/L2S-M/internal/sdnclient/external_client.go:47.16,49.3 1 0
github.com/Networks-it-uc3m/L2S-M/internal/sdnclient/external_client.go:50.2,51.16 2 0
github.com/Networks-it-uc3m/L2S-M/internal/sdnclient/external_client.go:51.16,53.3 1 0
github.com/Networks-it-uc3m/L2S-M/internal/sdnclient/external_client.go:54.2,56.49 2 0
github.com/Networks-it-uc3m/L2S-M/internal/sdnclient/external_client.go:56.49,58.3 1 0
github.com/Networks-it-uc3m/L2S-M/internal/sdnclient/external_client.go:60.2,60.12 1 0
github.com/Networks-it-uc3m/L2S-M/internal/sdnclient/external_client.go:64.109,66.16 2 0
github.com/Networks-it-uc3m/L2S-M/internal/sdnclient/external_client.go:66.16,68.3 1 0
github.com/Networks-it-uc3m/L2S-M/internal/sdnclient/external_client.go:69.2,71.50 2 0
github.com/Networks-it-uc3m/L2S-M/internal/sdnclient/external_client.go:75.96,77.16 2 0
github.com/Networks-it-uc3m/L2S-M/internal/sdnclient/external_client.go:77.16,79.3 1 0
github.com/Networks-it-uc3m/L2S-M/internal/sdnclient/external_client.go:81.2,83.49 2 0
github.com/Networks-it-uc3m/L2S-M/internal/sdnclient/external_client.go:83.49,85.3 1 0
github.com/Networks-it-uc3m/L2S-M/internal/sdnclient/external_client.go:87.2,87.12 1 0
github.com/Networks-it-uc3m/L2S-M/internal/sdnclient/external_client.go:91.103,108.2 1 0
github.com/Networks-it-uc3m/L2S-M/internal/sdnclient/internal_client.go:39.56,42.16 2 0
github.com/Networks-it-uc3m/L2S-M/internal/sdnclient/internal_client.go:42.16,45.3 2 0
github.com/Networks-it-uc3m/L2S-M/internal/sdnclient/internal_client.go:46.2,48.41 2 0
github.com/Networks-it-uc3m/L2S-M/internal/sdnclient/internal_client.go:52.98,57.16 3 0
github.com/Networks-it-uc3m/L2S-M/internal/sdnclient/internal_client.go:57.16,59.3 1 0
github.com/Networks-it-uc3m/L2S-M/internal/sdnclient/internal_client.go:60.2,61.16 2 0
github.com/Networks-it-uc3m/L2S-M/internal/sdnclient/internal_client.go:61.16,63.3 1 0
github.com/Networks-it-uc3m/L2S-M/internal/sdnclient/internal_client.go:64.2,66.49 2 0
github.com/Networks-it-uc3m/L2S-M/internal/sdnclient/internal_client.go:66.49,68.3 1 0
github.com/Networks-it-uc3m/L2S-M/internal/sdnclient/internal_client.go:70.2,70.12 1 0
github.com/Networks-it-uc3m/L2S-M/internal/sdnclient/internal_client.go:74.109,78.16 3 0
github.com/Networks-it-uc3m/L2S-M/internal/sdnclient/internal_client.go:78.16,80.3 1 0
github.com/Networks-it-uc3m/L2S-M/internal/sdnclient/internal_client.go:81.2,83.50 2 0
github.com/Networks-it-uc3m/L2S-M/internal/sdnclient/internal_client.go:87.96,91.16 3 0
github.com/Networks-it-uc3m/L2S-M/internal/sdnclient/internal_client.go:91.16,93.3 1 0
github.com/Networks-it-uc3m/L2S-M/internal/sdnclient/internal_client.go:95.2,97.49 2 0
github.com/Networks-it-uc3m/L2S-M/internal/sdnclient/internal_client.go:97.49,99.3 1 0
github.com/Networks-it-uc3m/L2S-M/internal/sdnclient/internal_client.go:101.2,101.12 1 0
github.com/Networks-it-uc3m/L2S-M/internal/sdnclient/internal_client.go:105.103,109.16 3 0
github.com/Networks-it-uc3m/L2S-M/internal/sdnclient/internal_client.go:109.16,111.3 1 0
github.com/Networks-it-uc3m/L2S-M/internal/sdnclient/internal_client.go:112.2,113.16 2 0
github.com/Networks-it-uc3m/L2S-M/internal/sdnclient/internal_client.go:113.16,115.3 1 0
github.com/Networks-it-uc3m/L2S-M/internal/sdnclient/internal_client.go:116.2,118.49 2 0
github.com/Networks-it-uc3m/L2S-M/internal/sdnclient/internal_client.go:118.49,120.3 1 0
github.com/Networks-it-uc3m/L2S-M/internal/sdnclient/internal_client.go:122.2,122.12 1 0
github.com/Networks-it-uc3m/L2S-M/internal/sdnclient/internal_client.go:127.100,141.2 1 0
github.com/Networks-it-uc3m/L2S-M/internal/sdnclient/session_client.go:32.74,39.2 2 0
github.com/Networks-it-uc3m/L2S-M/internal/sdnclient/session_client.go:42.92,44.16 2 0
github.com/Networks-it-uc3m/L2S-M/internal/sdnclient/session_client.go:44.16,46.3 1 0
github.com/Networks-it-uc3m/L2S-M/internal/sdnclient/session_client.go:48.2,50.17 3 0
github.com/Networks-it-uc3m/L2S-M/internal/sdnclient/session_client.go:54.71,56.2 1 0
github.com/Networks-it-uc3m/L2S-M/internal/sdnclient/session_client.go:59.65,61.16 2 0
github.com/Networks-it-uc3m/L2S-M/internal/sdnclient/session_client.go:61.16,63.3 1 0
github.com/Networks-it-uc3m/L2S-M/internal/sdnclient/session_client.go:64.2,64.18 1 0
github.com/Networks-it-uc3m/L2S-M/internal/sdnclient/session_client.go:68.79,70.16 2 0
github.com/Networks-it-uc3m/L2S-M/internal/sdnclient/session_client.go:70.16,72.3 1 0
github.com/Networks-it-uc3m/L2S-M/internal/sdnclient/session_client.go:73.2,73.18 1 0
github.com/Networks-it-uc3m/L2S-M/internal/sdnclient/session_client.go:77.68,79.16 2 0
github.com/Networks-it-uc3m/L2S-M/internal/sdnclient/session_client.go:79.16,81.3 1 0
github.com/Networks-it-uc3m/L2S-M/internal/sdnclient/session_client.go:82.2,82.18 1 0
github.com/Networks-it-uc3m/L2S-M/internal/utils/utils.go:31.52,32.29 1 0
github.com/Networks-it-uc3m/L2S-M/internal/utils/utils.go:32.29,33.16 1 0
github.com/Networks-it-uc3m/L2S-M/internal/utils/utils.go:33.16,35.4 1 0
github.com/Networks-it-uc3m/L2S-M/internal/utils/utils.go:37.2,37.14 1 0
github.com/Networks-it-uc3m/L2S-M/internal/utils/utils.go:41.54,43.29 2 0
github.com/Networks-it-uc3m/L2S-M/internal/utils/utils.go:43.29,44.16 1 0
github.com/Networks-it-uc3m/L2S-M/internal/utils/utils.go:44.16,46.4 1 0
github.com/Networks-it-uc3m/L2S-M/internal/utils/utils.go:48.2,48.15 1 0
github.com/Networks-it-uc3m/L2S-M/internal/utils/utils.go:51.31,51.44 1 0
github.com/Networks-it-uc3m/L2S-M/internal/utils/utils.go:53.46,62.16 4 0
github.com/Networks-it-uc3m/L2S-M/internal/utils/utils.go:62.16,64.3 1 0
github.com/Networks-it-uc3m/L2S-M/internal/utils/utils.go:67.2,68.37 2 0
github.com/Networks-it-uc3m/L2S-M/internal/utils/utils.go:71.50,81.2 4 0
github.com/Networks-it-uc3m/L2S-M/internal/utils/utils.go:84.74,89.17 3 0
github.com/Networks-it-uc3m/L2S-M/internal/utils/utils.go:89.17,91.3 1 0
github.com/Networks-it-uc3m/L2S-M/internal/utils/utils.go:94.2,95.22 2 0
github.com/Networks-it-uc3m/L2S-M/internal/utils/utils.go:95.22,97.3 1 0
github.com/Networks-it-uc3m/L2S-M/internal/utils/utils.go:99.2,99.24 1 0
github.com/Networks-it-uc3m/L2S-M/internal/utils/utils.go:103.51,120.2 6 0
github.com/Networks-it-uc3m/L2S-M/internal/utils/utils.go:127.48,136.2 6 0
github.com/Networks-it-uc3m/L2S-M/internal/utils/utils.go:138.63,144.2 4 0
