mode: set
l2sm.k8s.local/controllermanager/internal/controller/l2network_controller.go:59.101,68.16 4 0
l2sm.k8s.local/controllermanager/internal/controller/l2network_controller.go:68.16,71.3 2 0
l2sm.k8s.local/controllermanager/internal/controller/l2network_controller.go:74.2,74.43 1 0
l2sm.k8s.local/controllermanager/internal/controller/l2network_controller.go:74.43,75.91 1 0
l2sm.k8s.local/controllermanager/internal/controller/l2network_controller.go:75.91,77.90 1 0
l2sm.k8s.local/controllermanager/internal/controller/l2network_controller.go:77.90,81.5 1 0
l2sm.k8s.local/controllermanager/internal/controller/l2network_controller.go:84.4,85.49 2 0
l2sm.k8s.local/controllermanager/internal/controller/l2network_controller.go:85.49,87.5 1 0
l2sm.k8s.local/controllermanager/internal/controller/l2network_controller.go:91.3,91.28 1 0
l2sm.k8s.local/controllermanager/internal/controller/l2network_controller.go:95.2,95.91 1 0
l2sm.k8s.local/controllermanager/internal/controller/l2network_controller.go:95.91,97.48 2 0
l2sm.k8s.local/controllermanager/internal/controller/l2network_controller.go:97.48,99.4 1 0
l2sm.k8s.local/controllermanager/internal/controller/l2network_controller.go:102.2,102.52 1 0
l2sm.k8s.local/controllermanager/internal/controller/l2network_controller.go:102.52,104.17 2 0
l2sm.k8s.local/controllermanager/internal/controller/l2network_controller.go:104.17,106.4 1 0
l2sm.k8s.local/controllermanager/internal/controller/l2network_controller.go:107.3,110.81 2 0
l2sm.k8s.local/controllermanager/internal/controller/l2network_controller.go:110.81,113.4 2 0
l2sm.k8s.local/controllermanager/internal/controller/l2network_controller.go:116.2,117.16 2 0
l2sm.k8s.local/controllermanager/internal/controller/l2network_controller.go:117.16,124.3 3 0
l2sm.k8s.local/controllermanager/internal/controller/l2network_controller.go:126.2,126.13 1 0
l2sm.k8s.local/controllermanager/internal/controller/l2network_controller.go:126.13,128.17 2 0
l2sm.k8s.local/controllermanager/internal/controller/l2network_controller.go:128.17,133.4 3 0
l2sm.k8s.local/controllermanager/internal/controller/l2network_controller.go:134.3,134.75 1 0
l2sm.k8s.local/controllermanager/internal/controller/l2network_controller.go:135.8,137.3 1 0
l2sm.k8s.local/controllermanager/internal/controller/l2network_controller.go:138.2,138.108 1 0
l2sm.k8s.local/controllermanager/internal/controller/l2network_controller.go:138.108,141.3 2 0
l2sm.k8s.local/controllermanager/internal/controller/l2network_controller.go:143.2,143.27 1 0
l2sm.k8s.local/controllermanager/internal/controller/l2network_controller.go:147.72,156.16 6 0
l2sm.k8s.local/controllermanager/internal/controller/l2network_controller.go:156.16,159.3 2 0
l2sm.k8s.local/controllermanager/internal/controller/l2network_controller.go:160.2,162.14 1 0
l2sm.k8s.local/controllermanager/internal/controller/l2network_controller.go:165.106,167.34 1 0
l2sm.k8s.local/controllermanager/internal/controller/l2network_controller.go:167.34,169.3 1 0
l2sm.k8s.local/controllermanager/internal/controller/l2network_controller.go:170.2,174.16 3 0
l2sm.k8s.local/controllermanager/internal/controller/l2network_controller.go:174.16,176.3 1 0
l2sm.k8s.local/controllermanager/internal/controller/l2network_controller.go:178.2,179.16 2 0
l2sm.k8s.local/controllermanager/internal/controller/l2network_controller.go:179.16,183.3 2 0
l2sm.k8s.local/controllermanager/internal/controller/l2network_controller.go:185.2,185.13 1 0
l2sm.k8s.local/controllermanager/internal/controller/l2network_controller.go:185.13,187.17 2 0
l2sm.k8s.local/controllermanager/internal/controller/l2network_controller.go:187.17,190.4 2 0
l2sm.k8s.local/controllermanager/internal/controller/l2network_controller.go:191.3,191.80 1 0
l2sm.k8s.local/controllermanager/internal/controller/l2network_controller.go:192.8,194.3 1 0
l2sm.k8s.local/controllermanager/internal/controller/l2network_controller.go:195.2,195.33 1 0
l2sm.k8s.local/controllermanager/internal/controller/l2network_controller.go:199.142,205.2 2 0
l2sm.k8s.local/controllermanager/internal/controller/networkedgedevice_controller.go:63.109,69.70 3 0
l2sm.k8s.local/controllermanager/internal/controller/networkedgedevice_controller.go:69.70,74.3 1 0
l2sm.k8s.local/controllermanager/internal/controller/networkedgedevice_controller.go:77.2,80.57 2 0
l2sm.k8s.local/controllermanager/internal/controller/networkedgedevice_controller.go:80.57,84.70 1 0
l2sm.k8s.local/controllermanager/internal/controller/networkedgedevice_controller.go:84.70,86.55 2 0
l2sm.k8s.local/controllermanager/internal/controller/networkedgedevice_controller.go:86.55,88.5 1 0
l2sm.k8s.local/controllermanager/internal/controller/networkedgedevice_controller.go:89.4,89.84 1 0
l2sm.k8s.local/controllermanager/internal/controller/networkedgedevice_controller.go:92.8,94.69 1 0
l2sm.k8s.local/controllermanager/internal/controller/networkedgedevice_controller.go:94.69,96.72 1 0
l2sm.k8s.local/controllermanager/internal/controller/networkedgedevice_controller.go:96.72,100.5 1 0
l2sm.k8s.local/controllermanager/internal/controller/networkedgedevice_controller.go:103.4,104.55 2 0
l2sm.k8s.local/controllermanager/internal/controller/networkedgedevice_controller.go:104.55,106.5 1 0
l2sm.k8s.local/controllermanager/internal/controller/networkedgedevice_controller.go:109.3,111.28 2 0
l2sm.k8s.local/controllermanager/internal/controller/networkedgedevice_controller.go:114.2,115.144 2 0
l2sm.k8s.local/controllermanager/internal/controller/networkedgedevice_controller.go:115.144,118.3 2 0
l2sm.k8s.local/controllermanager/internal/controller/networkedgedevice_controller.go:120.2,120.39 1 0
l2sm.k8s.local/controllermanager/internal/controller/networkedgedevice_controller.go:120.39,121.71 1 0
l2sm.k8s.local/controllermanager/internal/controller/networkedgedevice_controller.go:121.71,124.4 2 0
l2sm.k8s.local/controllermanager/internal/controller/networkedgedevice_controller.go:125.3,126.58 2 0
l2sm.k8s.local/controllermanager/internal/controller/networkedgedevice_controller.go:127.9,131.3 0 0
l2sm.k8s.local/controllermanager/internal/controller/networkedgedevice_controller.go:133.2,133.27 1 0
l2sm.k8s.local/controllermanager/internal/controller/networkedgedevice_controller.go:137.80,138.145 1 0
l2sm.k8s.local/controllermanager/internal/controller/networkedgedevice_controller.go:138.145,142.19 3 0
l2sm.k8s.local/controllermanager/internal/controller/networkedgedevice_controller.go:142.19,144.4 1 0
l2sm.k8s.local/controllermanager/internal/controller/networkedgedevice_controller.go:146.3,146.72 1 0
l2sm.k8s.local/controllermanager/internal/controller/networkedgedevice_controller.go:146.72,148.4 1 0
l2sm.k8s.local/controllermanager/internal/controller/networkedgedevice_controller.go:151.3,151.30 1 0
l2sm.k8s.local/controllermanager/internal/controller/networkedgedevice_controller.go:152.17,154.3 1 0
l2sm.k8s.local/controllermanager/internal/controller/networkedgedevice_controller.go:155.2,158.14 1 0
l2sm.k8s.local/controllermanager/internal/controller/networkedgedevice_controller.go:161.131,164.2 1 0
l2sm.k8s.local/controllermanager/internal/controller/networkedgedevice_controller.go:165.131,168.16 2 0
l2sm.k8s.local/controllermanager/internal/controller/networkedgedevice_controller.go:168.16,170.3 1 0
l2sm.k8s.local/controllermanager/internal/controller/networkedgedevice_controller.go:174.2,174.103 1 0
l2sm.k8s.local/controllermanager/internal/controller/networkedgedevice_controller.go:174.103,185.99 2 0
l2sm.k8s.local/controllermanager/internal/controller/networkedgedevice_controller.go:185.99,187.4 1 0
l2sm.k8s.local/controllermanager/internal/controller/networkedgedevice_controller.go:188.3,188.24 1 0
l2sm.k8s.local/controllermanager/internal/controller/networkedgedevice_controller.go:191.2,194.56 2 0
l2sm.k8s.local/controllermanager/internal/controller/networkedgedevice_controller.go:194.56,196.3 1 0
l2sm.k8s.local/controllermanager/internal/controller/networkedgedevice_controller.go:198.2,198.105 1 0
l2sm.k8s.local/controllermanager/internal/controller/networkedgedevice_controller.go:198.105,212.79 4 0
l2sm.k8s.local/controllermanager/internal/controller/networkedgedevice_controller.go:212.79,215.4 2 0
l2sm.k8s.local/controllermanager/internal/controller/networkedgedevice_controller.go:218.3,267.67 3 0
l2sm.k8s.local/controllermanager/internal/controller/networkedgedevice_controller.go:267.67,269.4 1 0
l2sm.k8s.local/controllermanager/internal/controller/networkedgedevice_controller.go:270.3,270.62 1 0
l2sm.k8s.local/controllermanager/internal/controller/networkedgedevice_controller.go:270.62,272.4 1 0
l2sm.k8s.local/controllermanager/internal/controller/networkedgedevice_controller.go:273.3,273.100 1 0
l2sm.k8s.local/controllermanager/internal/controller/networkedgedevice_controller.go:273.100,275.4 1 0
l2sm.k8s.local/controllermanager/internal/controller/networkedgedevice_controller.go:276.3,276.25 1 0
l2sm.k8s.local/controllermanager/internal/controller/networkedgedevice_controller.go:279.2,280.16 2 0
l2sm.k8s.local/controllermanager/internal/controller/networkedgedevice_controller.go:280.16,282.3 1 0
l2sm.k8s.local/controllermanager/internal/controller/networkedgedevice_controller.go:284.2,284.56 1 0
l2sm.k8s.local/controllermanager/internal/controller/networkedgedevice_controller.go:284.56,286.3 1 0
l2sm.k8s.local/controllermanager/internal/controller/networkedgedevice_controller.go:288.2,288.12 1 0
l2sm.k8s.local/controllermanager/internal/controller/overlay_controller.go:49.99,55.2 2 0
l2sm.k8s.local/controllermanager/internal/controller/overlay_controller.go:58.70,62.2 1 0
l2sm.k8s.local/controllermanager/internal/controller/pod_webhook.go:36.94,42.16 4 0
l2sm.k8s.local/controllermanager/internal/controller/pod_webhook.go:42.16,45.3 2 0
l2sm.k8s.local/controllermanager/internal/controller/pod_webhook.go:49.2,49.55 1 0
l2sm.k8s.local/controllermanager/internal/controller/pod_webhook.go:49.55,54.17 2 0
l2sm.k8s.local/controllermanager/internal/controller/pod_webhook.go:54.17,57.4 2 0
l2sm.k8s.local/controllermanager/internal/controller/pod_webhook.go:59.3,59.77 1 0
l2sm.k8s.local/controllermanager/internal/controller/pod_webhook.go:59.77,63.4 2 0
l2sm.k8s.local/controllermanager/internal/controller/pod_webhook.go:67.3,72.47 3 0
l2sm.k8s.local/controllermanager/internal/controller/pod_webhook.go:72.47,75.4 2 0
l2sm.k8s.local/controllermanager/internal/controller/pod_webhook.go:79.3,79.40 1 0
l2sm.k8s.local/controllermanager/internal/controller/pod_webhook.go:79.40,84.4 2 0
l2sm.k8s.local/controllermanager/internal/controller/pod_webhook.go:86.3,92.17 4 0
l2sm.k8s.local/controllermanager/internal/controller/pod_webhook.go:92.17,95.4 2 0
l2sm.k8s.local/controllermanager/internal/controller/pod_webhook.go:96.3,96.70 1 0
l2sm.k8s.local/controllermanager/internal/controller/pod_webhook.go:99.2,99.57 1 0
l2sm.k8s.local/controllermanager/internal/controller/pod_webhook.go:103.66,106.2 2 0
l2sm.k8s.local/controllermanager/internal/controller/pod_webhook.go:108.82,112.16 3 0
l2sm.k8s.local/controllermanager/internal/controller/pod_webhook.go:112.16,115.30 2 0
l2sm.k8s.local/controllermanager/internal/controller/pod_webhook.go:115.30,117.18 2 0
l2sm.k8s.local/controllermanager/internal/controller/pod_webhook.go:117.18,119.5 1 0
l2sm.k8s.local/controllermanager/internal/controller/pod_webhook.go:124.2,124.26 1 0
l2sm.k8s.local/controllermanager/internal/controller/pod_webhook.go:124.26,125.39 1 0
l2sm.k8s.local/controllermanager/internal/controller/pod_webhook.go:125.39,128.4 1 0
l2sm.k8s.local/controllermanager/internal/controller/pod_webhook.go:129.3,129.36 1 0
l2sm.k8s.local/controllermanager/internal/controller/pod_webhook.go:132.2,132.35 1 0
l2sm.k8s.local/controllermanager/internal/controller/pod_webhook.go:135.114,138.55 2 0
l2sm.k8s.local/controllermanager/internal/controller/pod_webhook.go:138.55,140.3 1 0
l2sm.k8s.local/controllermanager/internal/controller/pod_webhook.go:143.2,144.43 2 0
l2sm.k8s.local/controllermanager/internal/controller/pod_webhook.go:144.43,146.3 1 0
l2sm.k8s.local/controllermanager/internal/controller/pod_webhook.go:149.2,149.31 1 0
l2sm.k8s.local/controllermanager/internal/controller/pod_webhook.go:149.31,150.55 1 0
l2sm.k8s.local/controllermanager/internal/controller/pod_webhook.go:150.55,152.4 1 0
l2sm.k8s.local/controllermanager/internal/controller/pod_webhook.go:155.2,155.18 1 0
l2sm.k8s.local/controllermanager/internal/controller/pod_webhook.go:158.124,170.2 7 0
l2sm.k8s.local/controllermanager/internal/controller/pod_webhook.go:172.57,187.2 5 0
l2sm.k8s.local/controllermanager/internal/controller/pod_webhook.go:188.77,190.16 2 0
l2sm.k8s.local/controllermanager/internal/controller/pod_webhook.go:190.16,192.3 1 0
l2sm.k8s.local/controllermanager/internal/controller/pod_webhook.go:193.2,193.25 1 0
